2012-07-20 09:37:06.6947|INFO|MupadoodleAPI.Models.NLogger| GET http://localhost:4463/api/museums System.Web.Http.Request http://localhost:4463/api/museums
2012-07-20 09:37:06.7787|INFO|MupadoodleAPI.Models.NLogger| GET http://localhost:4463/api/museums System.Web.Http.Controllers DefaultHttpControllerSelector SelectController Route='controller:museums'
2012-07-20 09:37:07.0598|INFO|MupadoodleAPI.Models.NLogger| GET http://localhost:4463/api/museums System.Web.Http.Controllers DefaultHttpControllerSelector SelectController Museums
2012-07-20 09:37:07.0598|INFO|MupadoodleAPI.Models.NLogger| GET http://localhost:4463/api/museums System.Web.Http.Controllers HttpControllerDescriptor CreateController
2012-07-20 09:37:07.0718|INFO|MupadoodleAPI.Models.NLogger| GET http://localhost:4463/api/museums System.Web.Http.Controllers DefaultHttpControllerActivator Create
2012-07-20 09:37:07.1258|INFO|MupadoodleAPI.Models.NLogger| GET http://localhost:4463/api/museums System.Web.Http.Controllers DefaultHttpControllerActivator Create MupadoodleAPI.Controllers.MuseumsController
2012-07-20 09:37:07.1258|INFO|MupadoodleAPI.Models.NLogger| GET http://localhost:4463/api/museums System.Web.Http.Controllers HttpControllerDescriptor CreateController MupadoodleAPI.Controllers.MuseumsController
2012-07-20 09:37:07.1398|INFO|MupadoodleAPI.Models.NLogger| GET http://localhost:4463/api/museums System.Web.Http.Controllers MuseumsController ExecuteAsync
2012-07-20 09:37:07.1558|INFO|MupadoodleAPI.Models.NLogger| GET http://localhost:4463/api/museums System.Web.Http.Action ApiControllerActionSelector SelectAction
2012-07-20 09:37:07.2918|INFO|MupadoodleAPI.Models.NLogger| GET http://localhost:4463/api/museums System.Web.Http.Action ApiControllerActionSelector SelectAction Selected action 'GetAllMuseums()'
2012-07-20 09:37:07.3458|INFO|MupadoodleAPI.Models.NLogger| GET http://localhost:4463/api/museums System.Web.Http.ModelBinding HttpActionBinding ExecuteBindingAsync
2012-07-20 09:37:07.3798|INFO|MupadoodleAPI.Models.NLogger| GET http://localhost:4463/api/museums System.Web.Http.ModelBinding HttpActionBinding ExecuteBindingAsync
2012-07-20 09:37:07.4178|INFO|MupadoodleAPI.Models.NLogger| GET http://localhost:4463/api/museums System.Web.Http.Action ApiControllerActionInvoker InvokeActionAsync Action='GetAllMuseums()'
2012-07-20 09:37:07.4338|INFO|MupadoodleAPI.Models.NLogger| GET http://localhost:4463/api/museums System.Web.Http.Action ReflectedHttpActionDescriptor ExecuteAsync Invoking action 'GetAllMuseums()'
2012-07-20 09:37:07.5048|INFO|MupadoodleAPI.Models.NLogger| GET http://localhost:4463/api/museums System.Web.Http.Action ReflectedHttpActionDescriptor ExecuteAsync Action returned 'System.Collections.Generic.List`1[MupadoodleAPI.Models.Museum]'
2012-07-20 09:37:07.6038|INFO|MupadoodleAPI.Models.NLogger| GET http://localhost:4463/api/museums System.Net.Http.Formatting DefaultContentNegotiator Negotiate Type='IEnumerable`1', formatters=[JsonMediaTypeFormatterTracer, XmlMediaTypeFormatterTracer, FormUrlEncodedMediaTypeFormatterTracer, FormUrlEncodedMediaTypeFormatterTracer]
2012-07-20 09:37:07.7568|INFO|MupadoodleAPI.Models.NLogger| GET http://localhost:4463/api/museums System.Net.Http.Formatting XmlMediaTypeFormatter GetPerRequestFormatterInstance Obtaining formatter of type 'XmlMediaTypeFormatter' for type='IEnumerable`1', mediaType='application/xml; charset=utf-8'
2012-07-20 09:37:07.7608|INFO|MupadoodleAPI.Models.NLogger| GET http://localhost:4463/api/museums System.Net.Http.Formatting XmlMediaTypeFormatter GetPerRequestFormatterInstance Will use same 'XmlMediaTypeFormatter' formatter
2012-07-20 09:37:07.7608|INFO|MupadoodleAPI.Models.NLogger| GET http://localhost:4463/api/museums System.Net.Http.Formatting DefaultContentNegotiator Negotiate Selected formatter='XmlMediaTypeFormatter', content-type='application/xml; charset=utf-8'
2012-07-20 09:37:07.8018|INFO|MupadoodleAPI.Models.NLogger| GET http://localhost:4463/api/museums System.Web.Http.Action ApiControllerActionInvoker InvokeActionAsync
2012-07-20 09:37:07.8228|INFO|MupadoodleAPI.Models.NLogger| GET http://localhost:4463/api/museums System.Web.Http.Controllers MuseumsController ExecuteAsync
2012-07-20 09:37:07.8228|INFO|MupadoodleAPI.Models.NLogger| GET http://localhost:4463/api/museums System.Web.Http.Request Content-type='application/xml; charset=utf-8', content-length=unknown
2012-07-20 09:37:07.9708|INFO|MupadoodleAPI.Models.NLogger| GET http://localhost:4463/api/museums System.Net.Http.Formatting XmlMediaTypeFormatter WriteToStreamAsync Value='System.Collections.Generic.List`1[MupadoodleAPI.Models.Museum]', type='IEnumerable`1', content-type='application/xml; charset=utf-8'
2012-07-20 09:37:08.1818|INFO|MupadoodleAPI.Models.NLogger| GET http://localhost:4463/api/museums System.Net.Http.Formatting XmlMediaTypeFormatter WriteToStreamAsync
2012-07-20 09:37:08.2618|INFO|MupadoodleAPI.Models.NLogger| GET http://localhost:4463/api/museums System.Web.Http.Controllers MuseumsController Dispose
2012-07-20 09:37:08.2618|INFO|MupadoodleAPI.Models.NLogger| GET http://localhost:4463/api/museums System.Web.Http.Controllers MuseumsController Dispose
2012-07-20 09:37:13.7711|INFO|MupadoodleAPI.Models.NLogger| GET http://localhost:4463/api/museums/5 System.Web.Http.Request http://localhost:4463/api/museums/5
2012-07-20 09:37:13.7711|INFO|MupadoodleAPI.Models.NLogger| GET http://localhost:4463/api/museums/5 System.Web.Http.Controllers DefaultHttpControllerSelector SelectController Route='controller:museums,id:5'
2012-07-20 09:37:13.7831|INFO|MupadoodleAPI.Models.NLogger| GET http://localhost:4463/api/museums/5 System.Web.Http.Controllers DefaultHttpControllerSelector SelectController Museums
2012-07-20 09:37:13.7831|INFO|MupadoodleAPI.Models.NLogger| GET http://localhost:4463/api/museums/5 System.Web.Http.Controllers HttpControllerDescriptor CreateController
2012-07-20 09:37:13.7831|INFO|MupadoodleAPI.Models.NLogger| GET http://localhost:4463/api/museums/5 System.Web.Http.Controllers DefaultHttpControllerActivator Create
2012-07-20 09:37:13.8281|INFO|MupadoodleAPI.Models.NLogger| GET http://localhost:4463/api/museums/5 System.Web.Http.Controllers DefaultHttpControllerActivator Create MupadoodleAPI.Controllers.MuseumsController
2012-07-20 09:37:13.8281|INFO|MupadoodleAPI.Models.NLogger| GET http://localhost:4463/api/museums/5 System.Web.Http.Controllers HttpControllerDescriptor CreateController MupadoodleAPI.Controllers.MuseumsController
2012-07-20 09:37:13.8431|INFO|MupadoodleAPI.Models.NLogger| GET http://localhost:4463/api/museums/5 System.Web.Http.Controllers MuseumsController ExecuteAsync
2012-07-20 09:37:13.8431|INFO|MupadoodleAPI.Models.NLogger| GET http://localhost:4463/api/museums/5 System.Web.Http.Action ApiControllerActionSelector SelectAction
2012-07-20 09:37:13.9062|INFO|MupadoodleAPI.Models.NLogger| GET http://localhost:4463/api/museums/5 System.Web.Http.Action ApiControllerActionSelector SelectAction Selected action 'GetMuseumById(Int32 id)'
2012-07-20 09:37:13.9062|INFO|MupadoodleAPI.Models.NLogger| GET http://localhost:4463/api/museums/5 System.Web.Http.ModelBinding HttpActionBinding ExecuteBindingAsync
2012-07-20 09:37:13.9062|INFO|MupadoodleAPI.Models.NLogger| GET http://localhost:4463/api/museums/5 System.Web.Http.ModelBinding ModelBinderParameterBinding ExecuteBindingAsync Binding parameter 'id'
2012-07-20 09:37:14.0542|INFO|MupadoodleAPI.Models.NLogger| GET http://localhost:4463/api/museums/5 System.Web.Http.ModelBinding ModelBinderParameterBinding ExecuteBindingAsync Parameter 'id' bound to the value '5'
2012-07-20 09:37:14.0542|INFO|MupadoodleAPI.Models.NLogger| GET http://localhost:4463/api/museums/5 System.Web.Http.ModelBinding HttpActionBinding ExecuteBindingAsync Model state is valid. Values: id=5
2012-07-20 09:37:14.0542|INFO|MupadoodleAPI.Models.NLogger| GET http://localhost:4463/api/museums/5 System.Web.Http.Action ApiControllerActionInvoker InvokeActionAsync Action='GetMuseumById(id=5)'
2012-07-20 09:37:14.0602|INFO|MupadoodleAPI.Models.NLogger| GET http://localhost:4463/api/museums/5 System.Web.Http.Action ReflectedHttpActionDescriptor ExecuteAsync Invoking action 'GetMuseumById(id=5)'
2012-07-20 09:37:14.1072|INFO|MupadoodleAPI.Models.NLogger| GET http://localhost:4463/api/museums/5 System.Web.Http.Action ReflectedHttpActionDescriptor ExecuteAsync Action returned 'MupadoodleAPI.Models.Museum'
2012-07-20 09:37:14.1072|INFO|MupadoodleAPI.Models.NLogger| GET http://localhost:4463/api/museums/5 System.Net.Http.Formatting DefaultContentNegotiator Negotiate Type='Museum', formatters=[JsonMediaTypeFormatterTracer, XmlMediaTypeFormatterTracer, FormUrlEncodedMediaTypeFormatterTracer, FormUrlEncodedMediaTypeFormatterTracer]
2012-07-20 09:37:14.1072|INFO|MupadoodleAPI.Models.NLogger| GET http://localhost:4463/api/museums/5 System.Net.Http.Formatting XmlMediaTypeFormatter GetPerRequestFormatterInstance Obtaining formatter of type 'XmlMediaTypeFormatter' for type='Museum', mediaType='application/xml; charset=utf-8'
2012-07-20 09:37:14.1072|INFO|MupadoodleAPI.Models.NLogger| GET http://localhost:4463/api/museums/5 System.Net.Http.Formatting XmlMediaTypeFormatter GetPerRequestFormatterInstance Will use same 'XmlMediaTypeFormatter' formatter
2012-07-20 09:37:14.1072|INFO|MupadoodleAPI.Models.NLogger| GET http://localhost:4463/api/museums/5 System.Net.Http.Formatting DefaultContentNegotiator Negotiate Selected formatter='XmlMediaTypeFormatter', content-type='application/xml; charset=utf-8'
2012-07-20 09:37:14.1072|INFO|MupadoodleAPI.Models.NLogger| GET http://localhost:4463/api/museums/5 System.Web.Http.Action ApiControllerActionInvoker InvokeActionAsync
2012-07-20 09:37:14.1072|INFO|MupadoodleAPI.Models.NLogger| GET http://localhost:4463/api/museums/5 System.Web.Http.Controllers MuseumsController ExecuteAsync
2012-07-20 09:37:14.1072|INFO|MupadoodleAPI.Models.NLogger| GET http://localhost:4463/api/museums/5 System.Web.Http.Request Content-type='application/xml; charset=utf-8', content-length=unknown
2012-07-20 09:37:14.1072|INFO|MupadoodleAPI.Models.NLogger| GET http://localhost:4463/api/museums/5 System.Net.Http.Formatting XmlMediaTypeFormatter WriteToStreamAsync Value='MupadoodleAPI.Models.Museum', type='Museum', content-type='application/xml; charset=utf-8'
2012-07-20 09:37:14.1242|INFO|MupadoodleAPI.Models.NLogger| GET http://localhost:4463/api/museums/5 System.Net.Http.Formatting XmlMediaTypeFormatter WriteToStreamAsync
2012-07-20 09:37:14.1242|INFO|MupadoodleAPI.Models.NLogger| GET http://localhost:4463/api/museums/5 System.Web.Http.Controllers MuseumsController Dispose
2012-07-20 09:37:14.1242|INFO|MupadoodleAPI.Models.NLogger| GET http://localhost:4463/api/museums/5 System.Web.Http.Controllers MuseumsController Dispose
2012-07-20 09:37:18.0884|INFO|MupadoodleAPI.Models.NLogger| GET http://localhost:4463/api/museums System.Web.Http.Request http://localhost:4463/api/museums
2012-07-20 09:37:18.0884|INFO|MupadoodleAPI.Models.NLogger| GET http://localhost:4463/api/museums System.Web.Http.Controllers DefaultHttpControllerSelector SelectController Route='controller:museums'
2012-07-20 09:37:18.0884|INFO|MupadoodleAPI.Models.NLogger| GET http://localhost:4463/api/museums System.Web.Http.Controllers DefaultHttpControllerSelector SelectController Museums
2012-07-20 09:37:18.0884|INFO|MupadoodleAPI.Models.NLogger| GET http://localhost:4463/api/museums System.Web.Http.Controllers HttpControllerDescriptor CreateController
2012-07-20 09:37:18.0884|INFO|MupadoodleAPI.Models.NLogger| GET http://localhost:4463/api/museums System.Web.Http.Controllers DefaultHttpControllerActivator Create
2012-07-20 09:37:18.1204|INFO|MupadoodleAPI.Models.NLogger| GET http://localhost:4463/api/museums System.Web.Http.Controllers DefaultHttpControllerActivator Create MupadoodleAPI.Controllers.MuseumsController
2012-07-20 09:37:18.1204|INFO|MupadoodleAPI.Models.NLogger| GET http://localhost:4463/api/museums System.Web.Http.Controllers HttpControllerDescriptor CreateController MupadoodleAPI.Controllers.MuseumsController
2012-07-20 09:37:18.1204|INFO|MupadoodleAPI.Models.NLogger| GET http://localhost:4463/api/museums System.Web.Http.Controllers MuseumsController ExecuteAsync
2012-07-20 09:37:18.1204|INFO|MupadoodleAPI.Models.NLogger| GET http://localhost:4463/api/museums System.Web.Http.Action ApiControllerActionSelector SelectAction
2012-07-20 09:37:18.1354|INFO|MupadoodleAPI.Models.NLogger| GET http://localhost:4463/api/museums System.Web.Http.Action ApiControllerActionSelector SelectAction Selected action 'GetAllMuseums()'
2012-07-20 09:37:18.1354|INFO|MupadoodleAPI.Models.NLogger| GET http://localhost:4463/api/museums System.Web.Http.ModelBinding HttpActionBinding ExecuteBindingAsync
2012-07-20 09:37:18.1354|INFO|MupadoodleAPI.Models.NLogger| GET http://localhost:4463/api/museums System.Web.Http.ModelBinding HttpActionBinding ExecuteBindingAsync
2012-07-20 09:37:18.1354|INFO|MupadoodleAPI.Models.NLogger| GET http://localhost:4463/api/museums System.Web.Http.Action ApiControllerActionInvoker InvokeActionAsync Action='GetAllMuseums()'
2012-07-20 09:37:18.1354|INFO|MupadoodleAPI.Models.NLogger| GET http://localhost:4463/api/museums System.Web.Http.Action ReflectedHttpActionDescriptor ExecuteAsync Invoking action 'GetAllMuseums()'
2012-07-20 09:37:18.1644|INFO|MupadoodleAPI.Models.NLogger| GET http://localhost:4463/api/museums System.Web.Http.Action ReflectedHttpActionDescriptor ExecuteAsync Action returned 'System.Collections.Generic.List`1[MupadoodleAPI.Models.Museum]'
2012-07-20 09:37:18.1644|INFO|MupadoodleAPI.Models.NLogger| GET http://localhost:4463/api/museums System.Net.Http.Formatting DefaultContentNegotiator Negotiate Type='IEnumerable`1', formatters=[JsonMediaTypeFormatterTracer, XmlMediaTypeFormatterTracer, FormUrlEncodedMediaTypeFormatterTracer, FormUrlEncodedMediaTypeFormatterTracer]
2012-07-20 09:37:18.1644|INFO|MupadoodleAPI.Models.NLogger| GET http://localhost:4463/api/museums System.Net.Http.Formatting XmlMediaTypeFormatter GetPerRequestFormatterInstance Obtaining formatter of type 'XmlMediaTypeFormatter' for type='IEnumerable`1', mediaType='application/xml; charset=utf-8'
2012-07-20 09:37:18.1644|INFO|MupadoodleAPI.Models.NLogger| GET http://localhost:4463/api/museums System.Net.Http.Formatting XmlMediaTypeFormatter GetPerRequestFormatterInstance Will use same 'XmlMediaTypeFormatter' formatter
2012-07-20 09:37:18.1644|INFO|MupadoodleAPI.Models.NLogger| GET http://localhost:4463/api/museums System.Net.Http.Formatting DefaultContentNegotiator Negotiate Selected formatter='XmlMediaTypeFormatter', content-type='application/xml; charset=utf-8'
2012-07-20 09:37:18.1644|INFO|MupadoodleAPI.Models.NLogger| GET http://localhost:4463/api/museums System.Web.Http.Action ApiControllerActionInvoker InvokeActionAsync
2012-07-20 09:37:18.1644|INFO|MupadoodleAPI.Models.NLogger| GET http://localhost:4463/api/museums System.Web.Http.Controllers MuseumsController ExecuteAsync
2012-07-20 09:37:18.1644|INFO|MupadoodleAPI.Models.NLogger| GET http://localhost:4463/api/museums System.Web.Http.Request Content-type='application/xml; charset=utf-8', content-length=unknown
2012-07-20 09:37:18.1644|INFO|MupadoodleAPI.Models.NLogger| GET http://localhost:4463/api/museums System.Net.Http.Formatting XmlMediaTypeFormatter WriteToStreamAsync Value='System.Collections.Generic.List`1[MupadoodleAPI.Models.Museum]', type='IEnumerable`1', content-type='application/xml; charset=utf-8'
2012-07-20 09:37:18.1784|INFO|MupadoodleAPI.Models.NLogger| GET http://localhost:4463/api/museums System.Net.Http.Formatting XmlMediaTypeFormatter WriteToStreamAsync
2012-07-20 09:37:18.1784|INFO|MupadoodleAPI.Models.NLogger| GET http://localhost:4463/api/museums System.Web.Http.Controllers MuseumsController Dispose
2012-07-20 09:37:18.1784|INFO|MupadoodleAPI.Models.NLogger| GET http://localhost:4463/api/museums System.Web.Http.Controllers MuseumsController Dispose
2012-07-20 09:37:24.1407|INFO|MupadoodleAPI.Models.NLogger| GET http://localhost:4463/api/museums?city=new york System.Web.Http.Request http://localhost:4463/api/museums?city=new york
2012-07-20 09:37:24.1407|INFO|MupadoodleAPI.Models.NLogger| GET http://localhost:4463/api/museums?city=new york System.Web.Http.Controllers DefaultHttpControllerSelector SelectController Route='controller:museums'
2012-07-20 09:37:24.1407|INFO|MupadoodleAPI.Models.NLogger| GET http://localhost:4463/api/museums?city=new york System.Web.Http.Controllers DefaultHttpControllerSelector SelectController Museums
2012-07-20 09:37:24.1407|INFO|MupadoodleAPI.Models.NLogger| GET http://localhost:4463/api/museums?city=new york System.Web.Http.Controllers HttpControllerDescriptor CreateController
2012-07-20 09:37:24.1537|INFO|MupadoodleAPI.Models.NLogger| GET http://localhost:4463/api/museums?city=new york System.Web.Http.Controllers DefaultHttpControllerActivator Create
2012-07-20 09:37:24.1987|INFO|MupadoodleAPI.Models.NLogger| GET http://localhost:4463/api/museums?city=new york System.Web.Http.Controllers DefaultHttpControllerActivator Create MupadoodleAPI.Controllers.MuseumsController
2012-07-20 09:37:24.2007|INFO|MupadoodleAPI.Models.NLogger| GET http://localhost:4463/api/museums?city=new york System.Web.Http.Controllers HttpControllerDescriptor CreateController MupadoodleAPI.Controllers.MuseumsController
2012-07-20 09:37:24.2007|INFO|MupadoodleAPI.Models.NLogger| GET http://localhost:4463/api/museums?city=new york System.Web.Http.Controllers MuseumsController ExecuteAsync
2012-07-20 09:37:24.2007|INFO|MupadoodleAPI.Models.NLogger| GET http://localhost:4463/api/museums?city=new york System.Web.Http.Action ApiControllerActionSelector SelectAction
2012-07-20 09:37:24.2267|INFO|MupadoodleAPI.Models.NLogger| GET http://localhost:4463/api/museums?city=new york System.Web.Http.Action ApiControllerActionSelector SelectAction Selected action 'GetMuseumsInCity(String city)'
2012-07-20 09:37:24.2347|INFO|MupadoodleAPI.Models.NLogger| GET http://localhost:4463/api/museums?city=new york System.Web.Http.ModelBinding HttpActionBinding ExecuteBindingAsync
2012-07-20 09:37:24.2347|INFO|MupadoodleAPI.Models.NLogger| GET http://localhost:4463/api/museums?city=new york System.Web.Http.ModelBinding ModelBinderParameterBinding ExecuteBindingAsync Binding parameter 'city'
2012-07-20 09:37:24.2687|INFO|MupadoodleAPI.Models.NLogger| GET http://localhost:4463/api/museums?city=new york System.Web.Http.ModelBinding ModelBinderParameterBinding ExecuteBindingAsync Parameter 'city' bound to the value 'new york'
2012-07-20 09:37:24.3047|INFO|MupadoodleAPI.Models.NLogger| GET http://localhost:4463/api/museums?city=new york System.Web.Http.ModelBinding HttpActionBinding ExecuteBindingAsync Model state is valid. Values: city=new york
2012-07-20 09:37:24.3047|INFO|MupadoodleAPI.Models.NLogger| GET http://localhost:4463/api/museums?city=new york System.Web.Http.Action ApiControllerActionInvoker InvokeActionAsync Action='GetMuseumsInCity(city=new york)'
2012-07-20 09:37:24.3097|INFO|MupadoodleAPI.Models.NLogger| GET http://localhost:4463/api/museums?city=new york System.Web.Http.Action ReflectedHttpActionDescriptor ExecuteAsync Invoking action 'GetMuseumsInCity(city=new york)'
2012-07-20 09:37:24.3377|INFO|MupadoodleAPI.Models.NLogger| GET http://localhost:4463/api/museums?city=new york System.Web.Http.Action ReflectedHttpActionDescriptor ExecuteAsync Action returned 'System.Linq.Enumerable+WhereListIterator`1[MupadoodleAPI.Models.Museum]'
2012-07-20 09:37:24.3407|INFO|MupadoodleAPI.Models.NLogger| GET http://localhost:4463/api/museums?city=new york System.Net.Http.Formatting DefaultContentNegotiator Negotiate Type='IEnumerable`1', formatters=[JsonMediaTypeFormatterTracer, XmlMediaTypeFormatterTracer, FormUrlEncodedMediaTypeFormatterTracer, FormUrlEncodedMediaTypeFormatterTracer]
2012-07-20 09:37:24.3407|INFO|MupadoodleAPI.Models.NLogger| GET http://localhost:4463/api/museums?city=new york System.Net.Http.Formatting XmlMediaTypeFormatter GetPerRequestFormatterInstance Obtaining formatter of type 'XmlMediaTypeFormatter' for type='IEnumerable`1', mediaType='application/xml; charset=utf-8'
2012-07-20 09:37:24.3407|INFO|MupadoodleAPI.Models.NLogger| GET http://localhost:4463/api/museums?city=new york System.Net.Http.Formatting XmlMediaTypeFormatter GetPerRequestFormatterInstance Will use same 'XmlMediaTypeFormatter' formatter
2012-07-20 09:37:24.3407|INFO|MupadoodleAPI.Models.NLogger| GET http://localhost:4463/api/museums?city=new york System.Net.Http.Formatting DefaultContentNegotiator Negotiate Selected formatter='XmlMediaTypeFormatter', content-type='application/xml; charset=utf-8'
2012-07-20 09:37:24.3407|INFO|MupadoodleAPI.Models.NLogger| GET http://localhost:4463/api/museums?city=new york System.Web.Http.Action ApiControllerActionInvoker InvokeActionAsync
2012-07-20 09:37:24.3407|INFO|MupadoodleAPI.Models.NLogger| GET http://localhost:4463/api/museums?city=new york System.Web.Http.Controllers MuseumsController ExecuteAsync
2012-07-20 09:37:24.3737|INFO|MupadoodleAPI.Models.NLogger| GET http://localhost:4463/api/museums?city=new york System.Web.Http.Request Content-type='application/xml; charset=utf-8', content-length=unknown
2012-07-20 09:37:24.3737|INFO|MupadoodleAPI.Models.NLogger| GET http://localhost:4463/api/museums?city=new york System.Net.Http.Formatting XmlMediaTypeFormatter WriteToStreamAsync Value='System.Linq.Enumerable+WhereListIterator`1[MupadoodleAPI.Models.Museum]', type='IEnumerable`1', content-type='application/xml; charset=utf-8'
2012-07-20 09:37:24.3737|INFO|MupadoodleAPI.Models.NLogger| GET http://localhost:4463/api/museums?city=new york System.Net.Http.Formatting XmlMediaTypeFormatter WriteToStreamAsync
2012-07-20 09:37:24.3737|INFO|MupadoodleAPI.Models.NLogger| GET http://localhost:4463/api/museums?city=new york System.Web.Http.Controllers MuseumsController Dispose
2012-07-20 09:37:24.3737|INFO|MupadoodleAPI.Models.NLogger| GET http://localhost:4463/api/museums?city=new york System.Web.Http.Controllers MuseumsController Dispose
2012-07-20 10:22:27.9434|INFO|MupadoodleAPI.Models.NLogger| GET http://localhost:4463/api/museums System.Web.Http.Request http://localhost:4463/api/museums
2012-07-20 10:22:28.1614|INFO|MupadoodleAPI.Models.NLogger| GET http://localhost:4463/api/museums System.Web.Http.Controllers DefaultHttpControllerSelector SelectController Route='controller:museums'
2012-07-20 10:22:28.5514|INFO|MupadoodleAPI.Models.NLogger| GET http://localhost:4463/api/museums System.Web.Http.Controllers DefaultHttpControllerSelector SelectController Museums
2012-07-20 10:22:28.5554|INFO|MupadoodleAPI.Models.NLogger| GET http://localhost:4463/api/museums System.Web.Http.Controllers HttpControllerDescriptor CreateController
2012-07-20 10:22:28.5554|INFO|MupadoodleAPI.Models.NLogger| GET http://localhost:4463/api/museums System.Web.Http.Controllers DefaultHttpControllerActivator Create
2012-07-20 10:22:28.6104|INFO|MupadoodleAPI.Models.NLogger| GET http://localhost:4463/api/museums System.Web.Http.Controllers DefaultHttpControllerActivator Create MupadoodleAPI.Controllers.MuseumsController
2012-07-20 10:22:28.6104|INFO|MupadoodleAPI.Models.NLogger| GET http://localhost:4463/api/museums System.Web.Http.Controllers HttpControllerDescriptor CreateController MupadoodleAPI.Controllers.MuseumsController
2012-07-20 10:22:28.6224|INFO|MupadoodleAPI.Models.NLogger| GET http://localhost:4463/api/museums System.Web.Http.Controllers MuseumsController ExecuteAsync
2012-07-20 10:22:28.6384|INFO|MupadoodleAPI.Models.NLogger| GET http://localhost:4463/api/museums System.Web.Http.Action ApiControllerActionSelector SelectAction
2012-07-20 10:22:28.7614|INFO|MupadoodleAPI.Models.NLogger| GET http://localhost:4463/api/museums System.Web.Http.Action ApiControllerActionSelector SelectAction Selected action 'GetAllMuseums()'
2012-07-20 10:22:28.8314|INFO|MupadoodleAPI.Models.NLogger| GET http://localhost:4463/api/museums System.Web.Http.ModelBinding HttpActionBinding ExecuteBindingAsync
2012-07-20 10:22:29.1285|INFO|MupadoodleAPI.Models.NLogger| GET http://localhost:4463/api/museums System.Web.Http.ModelBinding HttpActionBinding ExecuteBindingAsync
2012-07-20 10:22:29.1835|INFO|MupadoodleAPI.Models.NLogger| GET http://localhost:4463/api/museums System.Web.Http.Action ApiControllerActionInvoker InvokeActionAsync Action='GetAllMuseums()'
2012-07-20 10:22:29.1835|INFO|MupadoodleAPI.Models.NLogger| GET http://localhost:4463/api/museums System.Web.Http.Action ReflectedHttpActionDescriptor ExecuteAsync Invoking action 'GetAllMuseums()'
2012-07-20 10:22:29.2495|INFO|MupadoodleAPI.Models.NLogger| GET http://localhost:4463/api/museums System.Web.Http.Action ReflectedHttpActionDescriptor ExecuteAsync Action returned 'System.Collections.Generic.List`1[MupadoodleAPI.Models.Museum]'
2012-07-20 10:22:29.2705|INFO|MupadoodleAPI.Models.NLogger| GET http://localhost:4463/api/museums System.Net.Http.Formatting DefaultContentNegotiator Negotiate Type='IEnumerable`1', formatters=[JsonMediaTypeFormatterTracer, XmlMediaTypeFormatterTracer, FormUrlEncodedMediaTypeFormatterTracer, FormUrlEncodedMediaTypeFormatterTracer]
2012-07-20 10:22:29.3895|INFO|MupadoodleAPI.Models.NLogger| GET http://localhost:4463/api/museums System.Net.Http.Formatting XmlMediaTypeFormatter GetPerRequestFormatterInstance Obtaining formatter of type 'XmlMediaTypeFormatter' for type='IEnumerable`1', mediaType='application/xml; charset=utf-8'
2012-07-20 10:22:29.4105|INFO|MupadoodleAPI.Models.NLogger| GET http://localhost:4463/api/museums System.Net.Http.Formatting XmlMediaTypeFormatter GetPerRequestFormatterInstance Will use same 'XmlMediaTypeFormatter' formatter
2012-07-20 10:22:29.4155|INFO|MupadoodleAPI.Models.NLogger| GET http://localhost:4463/api/museums System.Net.Http.Formatting DefaultContentNegotiator Negotiate Selected formatter='XmlMediaTypeFormatter', content-type='application/xml; charset=utf-8'
2012-07-20 10:22:29.4455|INFO|MupadoodleAPI.Models.NLogger| GET http://localhost:4463/api/museums System.Web.Http.Action ApiControllerActionInvoker InvokeActionAsync
2012-07-20 10:22:29.4455|INFO|MupadoodleAPI.Models.NLogger| GET http://localhost:4463/api/museums System.Web.Http.Controllers MuseumsController ExecuteAsync
2012-07-20 10:22:29.4665|INFO|MupadoodleAPI.Models.NLogger| GET http://localhost:4463/api/museums System.Web.Http.Request Content-type='application/xml; charset=utf-8', content-length=unknown
2012-07-20 10:22:29.5165|INFO|MupadoodleAPI.Models.NLogger| GET http://localhost:4463/api/museums System.Net.Http.Formatting XmlMediaTypeFormatter WriteToStreamAsync Value='System.Collections.Generic.List`1[MupadoodleAPI.Models.Museum]', type='IEnumerable`1', content-type='application/xml; charset=utf-8'
2012-07-20 10:22:29.7595|INFO|MupadoodleAPI.Models.NLogger| GET http://localhost:4463/api/museums System.Net.Http.Formatting XmlMediaTypeFormatter WriteToStreamAsync
2012-07-20 10:22:29.7595|INFO|MupadoodleAPI.Models.NLogger| GET http://localhost:4463/api/museums System.Web.Http.Controllers MuseumsController Dispose
2012-07-20 10:22:29.7595|INFO|MupadoodleAPI.Models.NLogger| GET http://localhost:4463/api/museums System.Web.Http.Controllers MuseumsController Dispose
