2012-07-20 10:42:37.3226|INFO|MupadoodleAPI.Models.NLogger| GET http://localhost:4463/api/museums System.Web.Http.Request http://localhost:4463/api/museums
2012-07-20 10:42:37.4066|INFO|MupadoodleAPI.Models.NLogger| GET http://localhost:4463/api/museums System.Web.Http.Controllers DefaultHttpControllerSelector SelectController Route='controller:museums'
2012-07-20 10:42:37.5446|INFO|MupadoodleAPI.Models.NLogger| GET http://localhost:4463/api/museums System.Web.Http.Controllers DefaultHttpControllerSelector SelectController Museums
2012-07-20 10:42:37.5496|INFO|MupadoodleAPI.Models.NLogger| GET http://localhost:4463/api/museums System.Web.Http.Controllers HttpControllerDescriptor CreateController
2012-07-20 10:42:37.5496|INFO|MupadoodleAPI.Models.NLogger| GET http://localhost:4463/api/museums System.Web.Http.Controllers DefaultHttpControllerActivator Create
2012-07-20 10:42:37.6086|INFO|MupadoodleAPI.Models.NLogger| GET http://localhost:4463/api/museums System.Web.Http.Controllers DefaultHttpControllerActivator Create MupadoodleAPI.Controllers.MuseumsController
2012-07-20 10:42:37.6136|INFO|MupadoodleAPI.Models.NLogger| GET http://localhost:4463/api/museums System.Web.Http.Controllers HttpControllerDescriptor CreateController MupadoodleAPI.Controllers.MuseumsController
2012-07-20 10:42:37.6256|INFO|MupadoodleAPI.Models.NLogger| GET http://localhost:4463/api/museums System.Web.Http.Controllers MuseumsController ExecuteAsync
2012-07-20 10:42:37.6256|INFO|MupadoodleAPI.Models.NLogger| GET http://localhost:4463/api/museums System.Web.Http.Action ApiControllerActionSelector SelectAction
2012-07-20 10:42:37.7326|INFO|MupadoodleAPI.Models.NLogger| GET http://localhost:4463/api/museums System.Web.Http.Action ApiControllerActionSelector SelectAction Selected action 'GetAllMuseums()'
2012-07-20 10:42:37.7816|INFO|MupadoodleAPI.Models.NLogger| GET http://localhost:4463/api/museums System.Web.Http.ModelBinding HttpActionBinding ExecuteBindingAsync
2012-07-20 10:42:37.8016|INFO|MupadoodleAPI.Models.NLogger| GET http://localhost:4463/api/museums System.Web.Http.ModelBinding HttpActionBinding ExecuteBindingAsync
2012-07-20 10:42:37.8466|INFO|MupadoodleAPI.Models.NLogger| GET http://localhost:4463/api/museums System.Web.Http.Action ApiControllerActionInvoker InvokeActionAsync Action='GetAllMuseums()'
2012-07-20 10:42:37.8466|INFO|MupadoodleAPI.Models.NLogger| GET http://localhost:4463/api/museums System.Web.Http.Action ReflectedHttpActionDescriptor ExecuteAsync Invoking action 'GetAllMuseums()'
2012-07-20 10:42:37.9866|INFO|MupadoodleAPI.Models.NLogger| GET http://localhost:4463/api/museums System.Web.Http.Action ReflectedHttpActionDescriptor ExecuteAsync Action returned 'System.Collections.Generic.List`1[MupadoodleAPI.Models.Museum]'
2012-07-20 10:42:38.0156|INFO|MupadoodleAPI.Models.NLogger| GET http://localhost:4463/api/museums System.Net.Http.Formatting DefaultContentNegotiator Negotiate Type='IEnumerable`1', formatters=[JsonMediaTypeFormatterTracer, XmlMediaTypeFormatterTracer, FormUrlEncodedMediaTypeFormatterTracer, FormUrlEncodedMediaTypeFormatterTracer]
2012-07-20 10:42:38.0856|INFO|MupadoodleAPI.Models.NLogger| GET http://localhost:4463/api/museums System.Net.Http.Formatting XmlMediaTypeFormatter GetPerRequestFormatterInstance Obtaining formatter of type 'XmlMediaTypeFormatter' for type='IEnumerable`1', mediaType='application/xml; charset=utf-8'
2012-07-20 10:42:38.0856|INFO|MupadoodleAPI.Models.NLogger| GET http://localhost:4463/api/museums System.Net.Http.Formatting XmlMediaTypeFormatter GetPerRequestFormatterInstance Will use same 'XmlMediaTypeFormatter' formatter
2012-07-20 10:42:38.0966|INFO|MupadoodleAPI.Models.NLogger| GET http://localhost:4463/api/museums System.Net.Http.Formatting DefaultContentNegotiator Negotiate Selected formatter='XmlMediaTypeFormatter', content-type='application/xml; charset=utf-8'
2012-07-20 10:42:38.1276|INFO|MupadoodleAPI.Models.NLogger| GET http://localhost:4463/api/museums System.Web.Http.Action ApiControllerActionInvoker InvokeActionAsync
2012-07-20 10:42:38.1276|INFO|MupadoodleAPI.Models.NLogger| GET http://localhost:4463/api/museums System.Web.Http.Controllers MuseumsController ExecuteAsync
2012-07-20 10:42:38.1416|INFO|MupadoodleAPI.Models.NLogger| GET http://localhost:4463/api/museums System.Web.Http.Request Content-type='application/xml; charset=utf-8', content-length=unknown
2012-07-20 10:42:38.2076|INFO|MupadoodleAPI.Models.NLogger| GET http://localhost:4463/api/museums System.Net.Http.Formatting XmlMediaTypeFormatter WriteToStreamAsync Value='System.Collections.Generic.List`1[MupadoodleAPI.Models.Museum]', type='IEnumerable`1', content-type='application/xml; charset=utf-8'
2012-07-20 10:42:38.2596|INFO|MupadoodleAPI.Models.NLogger| GET http://localhost:4463/api/museums System.Net.Http.Formatting XmlMediaTypeFormatter WriteToStreamAsync
2012-07-20 10:42:38.5276|INFO|MupadoodleAPI.Models.NLogger| GET http://localhost:4463/api/museums System.Web.Http.Controllers MuseumsController Dispose
2012-07-20 10:42:38.5276|INFO|MupadoodleAPI.Models.NLogger| GET http://localhost:4463/api/museums System.Web.Http.Controllers MuseumsController Dispose
2012-07-20 13:50:50.4895|INFO|MupadoodleAPI.Models.NLogger| GET http://localhost:4463/api/museums System.Web.Http.Request http://localhost:4463/api/museums
2012-07-20 13:50:50.9145|INFO|MupadoodleAPI.Models.NLogger| GET http://localhost:4463/api/museums System.Web.Http.Controllers DefaultHttpControllerSelector SelectController Route='controller:museums'
2012-07-20 13:50:53.6926|INFO|MupadoodleAPI.Models.NLogger| GET http://localhost:4463/api/museums System.Web.Http.Controllers DefaultHttpControllerSelector SelectController Museums
2012-07-20 13:50:53.6926|INFO|MupadoodleAPI.Models.NLogger| GET http://localhost:4463/api/museums System.Web.Http.Controllers HttpControllerDescriptor CreateController
2012-07-20 13:50:53.6926|INFO|MupadoodleAPI.Models.NLogger| GET http://localhost:4463/api/museums System.Web.Http.Controllers DefaultHttpControllerActivator Create
2012-07-20 13:50:54.0757|INFO|MupadoodleAPI.Models.NLogger| GET http://localhost:4463/api/museums System.Web.Http.Controllers DefaultHttpControllerActivator Create MupadoodleAPI.Controllers.MuseumsController
2012-07-20 13:50:54.1017|INFO|MupadoodleAPI.Models.NLogger| GET http://localhost:4463/api/museums System.Web.Http.Controllers HttpControllerDescriptor CreateController MupadoodleAPI.Controllers.MuseumsController
2012-07-20 13:50:54.1017|INFO|MupadoodleAPI.Models.NLogger| GET http://localhost:4463/api/museums System.Web.Http.Controllers MuseumsController ExecuteAsync
2012-07-20 13:50:54.1177|INFO|MupadoodleAPI.Models.NLogger| GET http://localhost:4463/api/museums System.Web.Http.Action ApiControllerActionSelector SelectAction
2012-07-20 13:50:54.5087|INFO|MupadoodleAPI.Models.NLogger| GET http://localhost:4463/api/museums System.Web.Http.Action ApiControllerActionSelector SelectAction Selected action 'GetAllMuseums()'
2012-07-20 13:50:54.5877|INFO|MupadoodleAPI.Models.NLogger| GET http://localhost:4463/api/museums System.Web.Http.ModelBinding HttpActionBinding ExecuteBindingAsync
2012-07-20 13:50:54.7137|INFO|MupadoodleAPI.Models.NLogger| GET http://localhost:4463/api/museums System.Web.Http.ModelBinding HttpActionBinding ExecuteBindingAsync
2012-07-20 13:50:54.7697|INFO|MupadoodleAPI.Models.NLogger| GET http://localhost:4463/api/museums System.Web.Http.Action ApiControllerActionInvoker InvokeActionAsync Action='GetAllMuseums()'
2012-07-20 13:50:54.7697|INFO|MupadoodleAPI.Models.NLogger| GET http://localhost:4463/api/museums System.Web.Http.Action ReflectedHttpActionDescriptor ExecuteAsync Invoking action 'GetAllMuseums()'
2012-07-20 13:50:56.8468|INFO|MupadoodleAPI.Models.NLogger| GET http://localhost:4463/api/museums System.Web.Http.Action ReflectedHttpActionDescriptor ExecuteAsync Action returned 'System.Collections.Generic.List`1[MupadoodleAPI.Models.Museum]'
2012-07-20 13:50:56.8708|INFO|MupadoodleAPI.Models.NLogger| GET http://localhost:4463/api/museums System.Net.Http.Formatting DefaultContentNegotiator Negotiate Type='IEnumerable`1', formatters=[JsonMediaTypeFormatterTracer, XmlMediaTypeFormatterTracer, FormUrlEncodedMediaTypeFormatterTracer, FormUrlEncodedMediaTypeFormatterTracer]
2012-07-20 13:50:57.0078|INFO|MupadoodleAPI.Models.NLogger| GET http://localhost:4463/api/museums System.Net.Http.Formatting XmlMediaTypeFormatter GetPerRequestFormatterInstance Obtaining formatter of type 'XmlMediaTypeFormatter' for type='IEnumerable`1', mediaType='application/xml; charset=utf-8'
2012-07-20 13:50:57.0118|INFO|MupadoodleAPI.Models.NLogger| GET http://localhost:4463/api/museums System.Net.Http.Formatting XmlMediaTypeFormatter GetPerRequestFormatterInstance Will use same 'XmlMediaTypeFormatter' formatter
2012-07-20 13:50:57.0118|INFO|MupadoodleAPI.Models.NLogger| GET http://localhost:4463/api/museums System.Net.Http.Formatting DefaultContentNegotiator Negotiate Selected formatter='XmlMediaTypeFormatter', content-type='application/xml; charset=utf-8'
2012-07-20 13:50:57.0368|INFO|MupadoodleAPI.Models.NLogger| GET http://localhost:4463/api/museums System.Web.Http.Action ApiControllerActionInvoker InvokeActionAsync
2012-07-20 13:50:57.1298|INFO|MupadoodleAPI.Models.NLogger| GET http://localhost:4463/api/museums System.Web.Http.Controllers MuseumsController ExecuteAsync
2012-07-20 13:50:57.1828|INFO|MupadoodleAPI.Models.NLogger| GET http://localhost:4463/api/museums System.Web.Http.Request Content-type='application/xml; charset=utf-8', content-length=unknown
2012-07-20 13:50:57.2598|INFO|MupadoodleAPI.Models.NLogger| GET http://localhost:4463/api/museums System.Net.Http.Formatting XmlMediaTypeFormatter WriteToStreamAsync Value='System.Collections.Generic.List`1[MupadoodleAPI.Models.Museum]', type='IEnumerable`1', content-type='application/xml; charset=utf-8'
2012-07-20 13:50:57.5249|INFO|MupadoodleAPI.Models.NLogger| GET http://localhost:4463/api/museums System.Net.Http.Formatting XmlMediaTypeFormatter WriteToStreamAsync
2012-07-20 13:50:57.8299|INFO|MupadoodleAPI.Models.NLogger| GET http://localhost:4463/api/museums System.Web.Http.Controllers MuseumsController Dispose
2012-07-20 13:50:57.8299|INFO|MupadoodleAPI.Models.NLogger| GET http://localhost:4463/api/museums System.Web.Http.Controllers MuseumsController Dispose
2012-07-20 13:51:04.2092|INFO|MupadoodleAPI.Models.NLogger| GET http://localhost:4463/api/museums/5 System.Web.Http.Request http://localhost:4463/api/museums/5
2012-07-20 13:51:04.2722|INFO|MupadoodleAPI.Models.NLogger| GET http://localhost:4463/api/museums/5 System.Web.Http.Controllers DefaultHttpControllerSelector SelectController Route='controller:museums,id:5'
2012-07-20 13:51:04.2722|INFO|MupadoodleAPI.Models.NLogger| GET http://localhost:4463/api/museums/5 System.Web.Http.Controllers DefaultHttpControllerSelector SelectController Museums
2012-07-20 13:51:04.2722|INFO|MupadoodleAPI.Models.NLogger| GET http://localhost:4463/api/museums/5 System.Web.Http.Controllers HttpControllerDescriptor CreateController
2012-07-20 13:51:04.2722|INFO|MupadoodleAPI.Models.NLogger| GET http://localhost:4463/api/museums/5 System.Web.Http.Controllers DefaultHttpControllerActivator Create
2012-07-20 13:51:04.3453|INFO|MupadoodleAPI.Models.NLogger| GET http://localhost:4463/api/museums/5 System.Web.Http.Controllers DefaultHttpControllerActivator Create MupadoodleAPI.Controllers.MuseumsController
2012-07-20 13:51:04.3453|INFO|MupadoodleAPI.Models.NLogger| GET http://localhost:4463/api/museums/5 System.Web.Http.Controllers HttpControllerDescriptor CreateController MupadoodleAPI.Controllers.MuseumsController
2012-07-20 13:51:04.3453|INFO|MupadoodleAPI.Models.NLogger| GET http://localhost:4463/api/museums/5 System.Web.Http.Controllers MuseumsController ExecuteAsync
2012-07-20 13:51:04.3453|INFO|MupadoodleAPI.Models.NLogger| GET http://localhost:4463/api/museums/5 System.Web.Http.Action ApiControllerActionSelector SelectAction
2012-07-20 13:51:06.4304|INFO|MupadoodleAPI.Models.NLogger| GET http://localhost:4463/api/museums/5 System.Web.Http.Action ApiControllerActionSelector SelectAction Selected action 'GetMuseumById(Int32 id)'
2012-07-20 13:51:06.4304|INFO|MupadoodleAPI.Models.NLogger| GET http://localhost:4463/api/museums/5 System.Web.Http.ModelBinding HttpActionBinding ExecuteBindingAsync
2012-07-20 13:51:06.7644|INFO|MupadoodleAPI.Models.NLogger| GET http://localhost:4463/api/museums/5 System.Web.Http.ModelBinding ModelBinderParameterBinding ExecuteBindingAsync Binding parameter 'id'
2012-07-20 13:51:07.3914|INFO|MupadoodleAPI.Models.NLogger| GET http://localhost:4463/api/museums/5 System.Web.Http.ModelBinding ModelBinderParameterBinding ExecuteBindingAsync Parameter 'id' bound to the value '5'
2012-07-20 13:51:07.4364|INFO|MupadoodleAPI.Models.NLogger| GET http://localhost:4463/api/museums/5 System.Web.Http.ModelBinding HttpActionBinding ExecuteBindingAsync Model state is valid. Values: id=5
2012-07-20 13:51:07.4364|INFO|MupadoodleAPI.Models.NLogger| GET http://localhost:4463/api/museums/5 System.Web.Http.Action ApiControllerActionInvoker InvokeActionAsync Action='GetMuseumById(id=5)'
2012-07-20 13:51:07.4364|INFO|MupadoodleAPI.Models.NLogger| GET http://localhost:4463/api/museums/5 System.Web.Http.Action ReflectedHttpActionDescriptor ExecuteAsync Invoking action 'GetMuseumById(id=5)'
2012-07-20 13:51:07.4864|INFO|MupadoodleAPI.Models.NLogger| GET http://localhost:4463/api/museums/5 System.Web.Http.Action ReflectedHttpActionDescriptor ExecuteAsync Action returned 'MupadoodleAPI.Models.Museum'
2012-07-20 13:51:07.4864|INFO|MupadoodleAPI.Models.NLogger| GET http://localhost:4463/api/museums/5 System.Net.Http.Formatting DefaultContentNegotiator Negotiate Type='Museum', formatters=[JsonMediaTypeFormatterTracer, XmlMediaTypeFormatterTracer, FormUrlEncodedMediaTypeFormatterTracer, FormUrlEncodedMediaTypeFormatterTracer]
2012-07-20 13:51:07.4864|INFO|MupadoodleAPI.Models.NLogger| GET http://localhost:4463/api/museums/5 System.Net.Http.Formatting XmlMediaTypeFormatter GetPerRequestFormatterInstance Obtaining formatter of type 'XmlMediaTypeFormatter' for type='Museum', mediaType='application/xml; charset=utf-8'
2012-07-20 13:51:07.4864|INFO|MupadoodleAPI.Models.NLogger| GET http://localhost:4463/api/museums/5 System.Net.Http.Formatting XmlMediaTypeFormatter GetPerRequestFormatterInstance Will use same 'XmlMediaTypeFormatter' formatter
2012-07-20 13:51:07.4864|INFO|MupadoodleAPI.Models.NLogger| GET http://localhost:4463/api/museums/5 System.Net.Http.Formatting DefaultContentNegotiator Negotiate Selected formatter='XmlMediaTypeFormatter', content-type='application/xml; charset=utf-8'
2012-07-20 13:51:07.5044|INFO|MupadoodleAPI.Models.NLogger| GET http://localhost:4463/api/museums/5 System.Web.Http.Action ApiControllerActionInvoker InvokeActionAsync
2012-07-20 13:51:07.5044|INFO|MupadoodleAPI.Models.NLogger| GET http://localhost:4463/api/museums/5 System.Web.Http.Controllers MuseumsController ExecuteAsync
2012-07-20 13:51:07.5044|INFO|MupadoodleAPI.Models.NLogger| GET http://localhost:4463/api/museums/5 System.Web.Http.Request Content-type='application/xml; charset=utf-8', content-length=unknown
2012-07-20 13:51:07.5314|INFO|MupadoodleAPI.Models.NLogger| GET http://localhost:4463/api/museums/5 System.Net.Http.Formatting XmlMediaTypeFormatter WriteToStreamAsync Value='MupadoodleAPI.Models.Museum', type='Museum', content-type='application/xml; charset=utf-8'
2012-07-20 13:51:07.5784|INFO|MupadoodleAPI.Models.NLogger| GET http://localhost:4463/api/museums/5 System.Net.Http.Formatting XmlMediaTypeFormatter WriteToStreamAsync
2012-07-20 13:51:07.5954|INFO|MupadoodleAPI.Models.NLogger| GET http://localhost:4463/api/museums/5 System.Web.Http.Controllers MuseumsController Dispose
2012-07-20 13:51:07.6194|INFO|MupadoodleAPI.Models.NLogger| GET http://localhost:4463/api/museums/5 System.Web.Http.Controllers MuseumsController Dispose
2012-07-20 13:53:09.9174|INFO|MupadoodleAPI.Models.NLogger| GET http://localhost:4463/api/museums?city=new york System.Web.Http.Request http://localhost:4463/api/museums?city=new york
2012-07-20 13:53:09.9174|INFO|MupadoodleAPI.Models.NLogger| GET http://localhost:4463/api/museums?city=new york System.Web.Http.Controllers DefaultHttpControllerSelector SelectController Route='controller:museums'
2012-07-20 13:53:09.9174|INFO|MupadoodleAPI.Models.NLogger| GET http://localhost:4463/api/museums?city=new york System.Web.Http.Controllers DefaultHttpControllerSelector SelectController Museums
2012-07-20 13:53:09.9174|INFO|MupadoodleAPI.Models.NLogger| GET http://localhost:4463/api/museums?city=new york System.Web.Http.Controllers HttpControllerDescriptor CreateController
2012-07-20 13:53:09.9254|INFO|MupadoodleAPI.Models.NLogger| GET http://localhost:4463/api/museums?city=new york System.Web.Http.Controllers DefaultHttpControllerActivator Create
2012-07-20 13:53:10.2545|INFO|MupadoodleAPI.Models.NLogger| GET http://localhost:4463/api/museums?city=new york System.Web.Http.Controllers DefaultHttpControllerActivator Create MupadoodleAPI.Controllers.MuseumsController
2012-07-20 13:53:10.2545|INFO|MupadoodleAPI.Models.NLogger| GET http://localhost:4463/api/museums?city=new york System.Web.Http.Controllers HttpControllerDescriptor CreateController MupadoodleAPI.Controllers.MuseumsController
2012-07-20 13:53:10.2805|INFO|MupadoodleAPI.Models.NLogger| GET http://localhost:4463/api/museums?city=new york System.Web.Http.Controllers MuseumsController ExecuteAsync
2012-07-20 13:53:10.2805|INFO|MupadoodleAPI.Models.NLogger| GET http://localhost:4463/api/museums?city=new york System.Web.Http.Action ApiControllerActionSelector SelectAction
2012-07-20 13:53:10.3125|INFO|MupadoodleAPI.Models.NLogger| GET http://localhost:4463/api/museums?city=new york System.Web.Http.Action ApiControllerActionSelector SelectAction Selected action 'GetMuseumsInCity(String city)'
2012-07-20 13:53:10.3155|INFO|MupadoodleAPI.Models.NLogger| GET http://localhost:4463/api/museums?city=new york System.Web.Http.ModelBinding HttpActionBinding ExecuteBindingAsync
2012-07-20 13:53:10.3155|INFO|MupadoodleAPI.Models.NLogger| GET http://localhost:4463/api/museums?city=new york System.Web.Http.ModelBinding ModelBinderParameterBinding ExecuteBindingAsync Binding parameter 'city'
2012-07-20 13:53:10.3155|INFO|MupadoodleAPI.Models.NLogger| GET http://localhost:4463/api/museums?city=new york System.Web.Http.ModelBinding ModelBinderParameterBinding ExecuteBindingAsync Parameter 'city' bound to the value 'new york'
2012-07-20 13:53:10.3305|INFO|MupadoodleAPI.Models.NLogger| GET http://localhost:4463/api/museums?city=new york System.Web.Http.ModelBinding HttpActionBinding ExecuteBindingAsync Model state is valid. Values: city=new york
2012-07-20 13:53:10.3305|INFO|MupadoodleAPI.Models.NLogger| GET http://localhost:4463/api/museums?city=new york System.Web.Http.Action ApiControllerActionInvoker InvokeActionAsync Action='GetMuseumsInCity(city=new york)'
2012-07-20 13:53:10.3305|INFO|MupadoodleAPI.Models.NLogger| GET http://localhost:4463/api/museums?city=new york System.Web.Http.Action ReflectedHttpActionDescriptor ExecuteAsync Invoking action 'GetMuseumsInCity(city=new york)'
2012-07-20 13:53:10.3565|INFO|MupadoodleAPI.Models.NLogger| GET http://localhost:4463/api/museums?city=new york System.Web.Http.Action ReflectedHttpActionDescriptor ExecuteAsync Action returned 'System.Linq.Enumerable+WhereListIterator`1[MupadoodleAPI.Models.Museum]'
2012-07-20 13:53:10.3565|INFO|MupadoodleAPI.Models.NLogger| GET http://localhost:4463/api/museums?city=new york System.Net.Http.Formatting DefaultContentNegotiator Negotiate Type='IEnumerable`1', formatters=[JsonMediaTypeFormatterTracer, XmlMediaTypeFormatterTracer, FormUrlEncodedMediaTypeFormatterTracer, FormUrlEncodedMediaTypeFormatterTracer]
2012-07-20 13:53:10.3565|INFO|MupadoodleAPI.Models.NLogger| GET http://localhost:4463/api/museums?city=new york System.Net.Http.Formatting XmlMediaTypeFormatter GetPerRequestFormatterInstance Obtaining formatter of type 'XmlMediaTypeFormatter' for type='IEnumerable`1', mediaType='application/xml; charset=utf-8'
2012-07-20 13:53:10.3565|INFO|MupadoodleAPI.Models.NLogger| GET http://localhost:4463/api/museums?city=new york System.Net.Http.Formatting XmlMediaTypeFormatter GetPerRequestFormatterInstance Will use same 'XmlMediaTypeFormatter' formatter
2012-07-20 13:53:10.3615|INFO|MupadoodleAPI.Models.NLogger| GET http://localhost:4463/api/museums?city=new york System.Net.Http.Formatting DefaultContentNegotiator Negotiate Selected formatter='XmlMediaTypeFormatter', content-type='application/xml; charset=utf-8'
2012-07-20 13:53:10.3615|INFO|MupadoodleAPI.Models.NLogger| GET http://localhost:4463/api/museums?city=new york System.Web.Http.Action ApiControllerActionInvoker InvokeActionAsync
2012-07-20 13:53:10.3615|INFO|MupadoodleAPI.Models.NLogger| GET http://localhost:4463/api/museums?city=new york System.Web.Http.Controllers MuseumsController ExecuteAsync
2012-07-20 13:53:10.3615|INFO|MupadoodleAPI.Models.NLogger| GET http://localhost:4463/api/museums?city=new york System.Web.Http.Request Content-type='application/xml; charset=utf-8', content-length=unknown
2012-07-20 13:53:10.3615|INFO|MupadoodleAPI.Models.NLogger| GET http://localhost:4463/api/museums?city=new york System.Net.Http.Formatting XmlMediaTypeFormatter WriteToStreamAsync Value='System.Linq.Enumerable+WhereListIterator`1[MupadoodleAPI.Models.Museum]', type='IEnumerable`1', content-type='application/xml; charset=utf-8'
2012-07-20 13:53:10.3615|INFO|MupadoodleAPI.Models.NLogger| GET http://localhost:4463/api/museums?city=new york System.Net.Http.Formatting XmlMediaTypeFormatter WriteToStreamAsync
2012-07-20 13:53:10.3615|INFO|MupadoodleAPI.Models.NLogger| GET http://localhost:4463/api/museums?city=new york System.Web.Http.Controllers MuseumsController Dispose
2012-07-20 13:53:10.3615|INFO|MupadoodleAPI.Models.NLogger| GET http://localhost:4463/api/museums?city=new york System.Web.Http.Controllers MuseumsController Dispose
2012-07-20 13:54:44.0588|INFO|MupadoodleAPI.Models.NLogger| GET http://localhost:4463/api/museums System.Web.Http.Request http://localhost:4463/api/museums
2012-07-20 13:54:44.1488|INFO|MupadoodleAPI.Models.NLogger| GET http://localhost:4463/api/museums System.Web.Http.Controllers DefaultHttpControllerSelector SelectController Route='controller:museums'
2012-07-20 13:54:44.2968|INFO|MupadoodleAPI.Models.NLogger| GET http://localhost:4463/api/museums System.Web.Http.Controllers DefaultHttpControllerSelector SelectController Museums
2012-07-20 13:54:44.3068|INFO|MupadoodleAPI.Models.NLogger| GET http://localhost:4463/api/museums System.Web.Http.Controllers HttpControllerDescriptor CreateController
2012-07-20 13:54:44.3068|INFO|MupadoodleAPI.Models.NLogger| GET http://localhost:4463/api/museums System.Web.Http.Controllers DefaultHttpControllerActivator Create
2012-07-20 13:54:44.3988|INFO|MupadoodleAPI.Models.NLogger| GET http://localhost:4463/api/museums System.Web.Http.Controllers DefaultHttpControllerActivator Create MupadoodleAPI.Controllers.MuseumsController
2012-07-20 13:54:44.3988|INFO|MupadoodleAPI.Models.NLogger| GET http://localhost:4463/api/museums System.Web.Http.Controllers HttpControllerDescriptor CreateController MupadoodleAPI.Controllers.MuseumsController
2012-07-20 13:54:44.4178|INFO|MupadoodleAPI.Models.NLogger| GET http://localhost:4463/api/museums System.Web.Http.Controllers MuseumsController ExecuteAsync
2012-07-20 13:54:44.4318|INFO|MupadoodleAPI.Models.NLogger| GET http://localhost:4463/api/museums System.Web.Http.Action ApiControllerActionSelector SelectAction
2012-07-20 13:54:44.5318|INFO|MupadoodleAPI.Models.NLogger| GET http://localhost:4463/api/museums System.Web.Http.Action ApiControllerActionSelector SelectAction Selected action 'GetAllMuseums()'
2012-07-20 13:54:44.5898|INFO|MupadoodleAPI.Models.NLogger| GET http://localhost:4463/api/museums System.Web.Http.ModelBinding HttpActionBinding ExecuteBindingAsync
2012-07-20 13:54:44.6969|INFO|MupadoodleAPI.Models.NLogger| GET http://localhost:4463/api/museums System.Web.Http.ModelBinding HttpActionBinding ExecuteBindingAsync
2012-07-20 13:54:44.7249|INFO|MupadoodleAPI.Models.NLogger| GET http://localhost:4463/api/museums System.Web.Http.Action ApiControllerActionInvoker InvokeActionAsync Action='GetAllMuseums()'
2012-07-20 13:54:44.7299|INFO|MupadoodleAPI.Models.NLogger| GET http://localhost:4463/api/museums System.Web.Http.Action ReflectedHttpActionDescriptor ExecuteAsync Invoking action 'GetAllMuseums()'
2012-07-20 13:54:45.4789|INFO|MupadoodleAPI.Models.NLogger| GET http://localhost:4463/api/museums System.Web.Http.Action ReflectedHttpActionDescriptor ExecuteAsync Action returned 'System.Collections.Generic.List`1[MupadoodleAPI.Models.Museum]'
2012-07-20 13:54:45.5039|INFO|MupadoodleAPI.Models.NLogger| GET http://localhost:4463/api/museums System.Net.Http.Formatting DefaultContentNegotiator Negotiate Type='IEnumerable`1', formatters=[JsonMediaTypeFormatterTracer, XmlMediaTypeFormatterTracer, FormUrlEncodedMediaTypeFormatterTracer, FormUrlEncodedMediaTypeFormatterTracer]
2012-07-20 13:54:45.7099|INFO|MupadoodleAPI.Models.NLogger| GET http://localhost:4463/api/museums System.Net.Http.Formatting XmlMediaTypeFormatter GetPerRequestFormatterInstance Obtaining formatter of type 'XmlMediaTypeFormatter' for type='IEnumerable`1', mediaType='application/xml; charset=utf-8'
2012-07-20 13:54:45.7099|INFO|MupadoodleAPI.Models.NLogger| GET http://localhost:4463/api/museums System.Net.Http.Formatting XmlMediaTypeFormatter GetPerRequestFormatterInstance Will use same 'XmlMediaTypeFormatter' formatter
2012-07-20 13:54:45.7099|INFO|MupadoodleAPI.Models.NLogger| GET http://localhost:4463/api/museums System.Net.Http.Formatting DefaultContentNegotiator Negotiate Selected formatter='XmlMediaTypeFormatter', content-type='application/xml; charset=utf-8'
2012-07-20 13:54:45.8319|INFO|MupadoodleAPI.Models.NLogger| GET http://localhost:4463/api/museums System.Web.Http.Action ApiControllerActionInvoker InvokeActionAsync
2012-07-20 13:54:45.8349|INFO|MupadoodleAPI.Models.NLogger| GET http://localhost:4463/api/museums System.Web.Http.Controllers MuseumsController ExecuteAsync
2012-07-20 13:54:45.8499|INFO|MupadoodleAPI.Models.NLogger| GET http://localhost:4463/api/museums System.Web.Http.Request Content-type='application/xml; charset=utf-8', content-length=unknown
2012-07-20 13:54:45.9259|INFO|MupadoodleAPI.Models.NLogger| GET http://localhost:4463/api/museums System.Net.Http.Formatting XmlMediaTypeFormatter WriteToStreamAsync Value='System.Collections.Generic.List`1[MupadoodleAPI.Models.Museum]', type='IEnumerable`1', content-type='application/xml; charset=utf-8'
2012-07-20 13:54:46.0149|INFO|MupadoodleAPI.Models.NLogger| GET http://localhost:4463/api/museums System.Net.Http.Formatting XmlMediaTypeFormatter WriteToStreamAsync
2012-07-20 13:54:46.0459|INFO|MupadoodleAPI.Models.NLogger| GET http://localhost:4463/api/museums System.Web.Http.Controllers MuseumsController Dispose
2012-07-20 13:54:46.0459|INFO|MupadoodleAPI.Models.NLogger| GET http://localhost:4463/api/museums System.Web.Http.Controllers MuseumsController Dispose
2012-07-20 13:56:24.2956|INFO|MupadoodleAPI.Models.NLogger| GET http://localhost:4463/api/parks System.Web.Http.Request http://localhost:4463/api/parks
2012-07-20 13:56:24.3106|INFO|MupadoodleAPI.Models.NLogger| GET http://localhost:4463/api/parks System.Web.Http.Controllers DefaultHttpControllerSelector SelectController Route='controller:parks'
2012-07-20 13:56:24.3216|INFO|MupadoodleAPI.Models.NLogger| GET http://localhost:4463/api/parks System.Web.Http.Controllers DefaultHttpControllerSelector SelectController Parks
2012-07-20 13:56:24.3216|INFO|MupadoodleAPI.Models.NLogger| GET http://localhost:4463/api/parks System.Web.Http.Controllers HttpControllerDescriptor CreateController
2012-07-20 13:56:24.3376|INFO|MupadoodleAPI.Models.NLogger| GET http://localhost:4463/api/parks System.Web.Http.Controllers DefaultHttpControllerActivator Create
2012-07-20 13:56:24.3716|INFO|MupadoodleAPI.Models.NLogger| GET http://localhost:4463/api/parks System.Web.Http.Controllers DefaultHttpControllerActivator Create MupadoodleAPI.Controllers.ParksController
2012-07-20 13:56:24.3716|INFO|MupadoodleAPI.Models.NLogger| GET http://localhost:4463/api/parks System.Web.Http.Controllers HttpControllerDescriptor CreateController MupadoodleAPI.Controllers.ParksController
2012-07-20 13:56:24.3886|INFO|MupadoodleAPI.Models.NLogger| GET http://localhost:4463/api/parks System.Web.Http.Controllers ParksController ExecuteAsync
2012-07-20 13:56:24.3886|INFO|MupadoodleAPI.Models.NLogger| GET http://localhost:4463/api/parks System.Web.Http.Action ApiControllerActionSelector SelectAction
2012-07-20 13:56:24.3996|INFO|MupadoodleAPI.Models.NLogger| GET http://localhost:4463/api/parks System.Web.Http.Action ApiControllerActionSelector SelectAction Selected action 'GetAllMuseums()'
2012-07-20 13:56:24.3996|INFO|MupadoodleAPI.Models.NLogger| GET http://localhost:4463/api/parks System.Web.Http.ModelBinding HttpActionBinding ExecuteBindingAsync
2012-07-20 13:56:24.4146|INFO|MupadoodleAPI.Models.NLogger| GET http://localhost:4463/api/parks System.Web.Http.ModelBinding HttpActionBinding ExecuteBindingAsync
2012-07-20 13:56:24.4146|INFO|MupadoodleAPI.Models.NLogger| GET http://localhost:4463/api/parks System.Web.Http.Action ApiControllerActionInvoker InvokeActionAsync Action='GetAllMuseums()'
2012-07-20 13:56:24.4286|INFO|MupadoodleAPI.Models.NLogger| GET http://localhost:4463/api/parks System.Web.Http.Action ReflectedHttpActionDescriptor ExecuteAsync Invoking action 'GetAllMuseums()'
2012-07-20 13:56:25.5226|INFO|MupadoodleAPI.Models.NLogger| GET http://localhost:4463/api/parks System.Web.Http.Action ReflectedHttpActionDescriptor ExecuteAsync Action returned 'System.Collections.Generic.List`1[MupadoodleAPI.Models.Park]'
2012-07-20 13:56:26.5007|INFO|MupadoodleAPI.Models.NLogger| GET http://localhost:4463/api/parks System.Net.Http.Formatting DefaultContentNegotiator Negotiate Type='IEnumerable`1', formatters=[JsonMediaTypeFormatterTracer, XmlMediaTypeFormatterTracer, FormUrlEncodedMediaTypeFormatterTracer, FormUrlEncodedMediaTypeFormatterTracer]
2012-07-20 13:56:26.5087|INFO|MupadoodleAPI.Models.NLogger| GET http://localhost:4463/api/parks System.Net.Http.Formatting XmlMediaTypeFormatter GetPerRequestFormatterInstance Obtaining formatter of type 'XmlMediaTypeFormatter' for type='IEnumerable`1', mediaType='application/xml; charset=utf-8'
2012-07-20 13:56:26.5177|INFO|MupadoodleAPI.Models.NLogger| GET http://localhost:4463/api/parks System.Net.Http.Formatting XmlMediaTypeFormatter GetPerRequestFormatterInstance Will use same 'XmlMediaTypeFormatter' formatter
2012-07-20 13:56:26.5337|INFO|MupadoodleAPI.Models.NLogger| GET http://localhost:4463/api/parks System.Net.Http.Formatting DefaultContentNegotiator Negotiate Selected formatter='XmlMediaTypeFormatter', content-type='application/xml; charset=utf-8'
2012-07-20 13:56:26.5337|INFO|MupadoodleAPI.Models.NLogger| GET http://localhost:4463/api/parks System.Web.Http.Action ApiControllerActionInvoker InvokeActionAsync
2012-07-20 13:56:26.5337|INFO|MupadoodleAPI.Models.NLogger| GET http://localhost:4463/api/parks System.Web.Http.Controllers ParksController ExecuteAsync
2012-07-20 13:56:26.5527|INFO|MupadoodleAPI.Models.NLogger| GET http://localhost:4463/api/parks System.Web.Http.Request Content-type='application/xml; charset=utf-8', content-length=unknown
2012-07-20 13:56:26.5527|INFO|MupadoodleAPI.Models.NLogger| GET http://localhost:4463/api/parks System.Net.Http.Formatting XmlMediaTypeFormatter WriteToStreamAsync Value='System.Collections.Generic.List`1[MupadoodleAPI.Models.Park]', type='IEnumerable`1', content-type='application/xml; charset=utf-8'
2012-07-20 13:56:26.5657|INFO|MupadoodleAPI.Models.NLogger| GET http://localhost:4463/api/parks System.Net.Http.Formatting XmlMediaTypeFormatter WriteToStreamAsync
2012-07-20 13:56:26.5817|INFO|MupadoodleAPI.Models.NLogger| GET http://localhost:4463/api/parks System.Web.Http.Controllers ParksController Dispose
2012-07-20 13:56:26.5817|INFO|MupadoodleAPI.Models.NLogger| GET http://localhost:4463/api/parks System.Web.Http.Controllers ParksController Dispose
2012-07-20 13:57:56.9218|INFO|MupadoodleAPI.Models.NLogger| GET http://localhost:4463/api/museums System.Web.Http.Request http://localhost:4463/api/museums
2012-07-20 13:57:57.0039|INFO|MupadoodleAPI.Models.NLogger| GET http://localhost:4463/api/museums System.Web.Http.Controllers DefaultHttpControllerSelector SelectController Route='controller:museums'
2012-07-20 13:57:57.1589|INFO|MupadoodleAPI.Models.NLogger| GET http://localhost:4463/api/museums System.Web.Http.Controllers DefaultHttpControllerSelector SelectController Museums
2012-07-20 13:57:57.1589|INFO|MupadoodleAPI.Models.NLogger| GET http://localhost:4463/api/museums System.Web.Http.Controllers HttpControllerDescriptor CreateController
2012-07-20 13:57:57.1589|INFO|MupadoodleAPI.Models.NLogger| GET http://localhost:4463/api/museums System.Web.Http.Controllers DefaultHttpControllerActivator Create
2012-07-20 13:57:57.2079|INFO|MupadoodleAPI.Models.NLogger| GET http://localhost:4463/api/museums System.Web.Http.Controllers DefaultHttpControllerActivator Create MupadoodleAPI.Controllers.MuseumsController
2012-07-20 13:57:57.2079|INFO|MupadoodleAPI.Models.NLogger| GET http://localhost:4463/api/museums System.Web.Http.Controllers HttpControllerDescriptor CreateController MupadoodleAPI.Controllers.MuseumsController
2012-07-20 13:57:57.2079|INFO|MupadoodleAPI.Models.NLogger| GET http://localhost:4463/api/museums System.Web.Http.Controllers MuseumsController ExecuteAsync
2012-07-20 13:57:57.2209|INFO|MupadoodleAPI.Models.NLogger| GET http://localhost:4463/api/museums System.Web.Http.Action ApiControllerActionSelector SelectAction
2012-07-20 13:57:57.3239|INFO|MupadoodleAPI.Models.NLogger| GET http://localhost:4463/api/museums System.Web.Http.Action ApiControllerActionSelector SelectAction Selected action 'GetAllMuseums()'
2012-07-20 13:57:57.3659|INFO|MupadoodleAPI.Models.NLogger| GET http://localhost:4463/api/museums System.Web.Http.ModelBinding HttpActionBinding ExecuteBindingAsync
2012-07-20 13:57:57.4689|INFO|MupadoodleAPI.Models.NLogger| GET http://localhost:4463/api/museums System.Web.Http.ModelBinding HttpActionBinding ExecuteBindingAsync
2012-07-20 13:57:57.4959|INFO|MupadoodleAPI.Models.NLogger| GET http://localhost:4463/api/museums System.Web.Http.Action ApiControllerActionInvoker InvokeActionAsync Action='GetAllMuseums()'
2012-07-20 13:57:57.4969|INFO|MupadoodleAPI.Models.NLogger| GET http://localhost:4463/api/museums System.Web.Http.Action ReflectedHttpActionDescriptor ExecuteAsync Invoking action 'GetAllMuseums()'
2012-07-20 13:57:58.6960|INFO|MupadoodleAPI.Models.NLogger| GET http://localhost:4463/api/museums System.Web.Http.Action ReflectedHttpActionDescriptor ExecuteAsync Action returned 'System.Collections.Generic.List`1[MupadoodleAPI.Models.Museum]'
2012-07-20 13:57:58.7140|INFO|MupadoodleAPI.Models.NLogger| GET http://localhost:4463/api/museums System.Net.Http.Formatting DefaultContentNegotiator Negotiate Type='IEnumerable`1', formatters=[JsonMediaTypeFormatterTracer, XmlMediaTypeFormatterTracer, FormUrlEncodedMediaTypeFormatterTracer, FormUrlEncodedMediaTypeFormatterTracer]
2012-07-20 13:57:58.7900|INFO|MupadoodleAPI.Models.NLogger| GET http://localhost:4463/api/museums System.Net.Http.Formatting XmlMediaTypeFormatter GetPerRequestFormatterInstance Obtaining formatter of type 'XmlMediaTypeFormatter' for type='IEnumerable`1', mediaType='application/xml; charset=utf-8'
2012-07-20 13:57:58.8010|INFO|MupadoodleAPI.Models.NLogger| GET http://localhost:4463/api/museums System.Net.Http.Formatting XmlMediaTypeFormatter GetPerRequestFormatterInstance Will use same 'XmlMediaTypeFormatter' formatter
2012-07-20 13:57:58.8080|INFO|MupadoodleAPI.Models.NLogger| GET http://localhost:4463/api/museums System.Net.Http.Formatting DefaultContentNegotiator Negotiate Selected formatter='XmlMediaTypeFormatter', content-type='application/xml; charset=utf-8'
2012-07-20 13:57:59.7500|INFO|MupadoodleAPI.Models.NLogger| GET http://localhost:4463/api/museums System.Web.Http.Action ApiControllerActionInvoker InvokeActionAsync
2012-07-20 13:58:00.7361|INFO|MupadoodleAPI.Models.NLogger| GET http://localhost:4463/api/museums System.Web.Http.Controllers MuseumsController ExecuteAsync
2012-07-20 13:58:00.7451|INFO|MupadoodleAPI.Models.NLogger| GET http://localhost:4463/api/museums System.Web.Http.Request Content-type='application/xml; charset=utf-8', content-length=unknown
2012-07-20 13:58:00.8051|INFO|MupadoodleAPI.Models.NLogger| GET http://localhost:4463/api/museums System.Net.Http.Formatting XmlMediaTypeFormatter WriteToStreamAsync Value='System.Collections.Generic.List`1[MupadoodleAPI.Models.Museum]', type='IEnumerable`1', content-type='application/xml; charset=utf-8'
2012-07-20 13:58:00.9071|INFO|MupadoodleAPI.Models.NLogger| GET http://localhost:4463/api/museums System.Net.Http.Formatting XmlMediaTypeFormatter WriteToStreamAsync
2012-07-20 13:58:00.9801|INFO|MupadoodleAPI.Models.NLogger| GET http://localhost:4463/api/museums System.Web.Http.Controllers MuseumsController Dispose
2012-07-20 13:58:00.9801|INFO|MupadoodleAPI.Models.NLogger| GET http://localhost:4463/api/museums System.Web.Http.Controllers MuseumsController Dispose
2012-07-20 14:00:52.8329|INFO|MupadoodleAPI.Models.NLogger| GET http://localhost:4463/api/museums?city=bronx System.Web.Http.Request http://localhost:4463/api/museums?city=bronx
2012-07-20 14:00:52.9169|INFO|MupadoodleAPI.Models.NLogger| GET http://localhost:4463/api/museums?city=bronx System.Web.Http.Controllers DefaultHttpControllerSelector SelectController Route='controller:museums'
2012-07-20 14:00:53.0609|INFO|MupadoodleAPI.Models.NLogger| GET http://localhost:4463/api/museums?city=bronx System.Web.Http.Controllers DefaultHttpControllerSelector SelectController Museums
2012-07-20 14:00:53.0609|INFO|MupadoodleAPI.Models.NLogger| GET http://localhost:4463/api/museums?city=bronx System.Web.Http.Controllers HttpControllerDescriptor CreateController
2012-07-20 14:00:53.0769|INFO|MupadoodleAPI.Models.NLogger| GET http://localhost:4463/api/museums?city=bronx System.Web.Http.Controllers DefaultHttpControllerActivator Create
2012-07-20 14:00:53.1179|INFO|MupadoodleAPI.Models.NLogger| GET http://localhost:4463/api/museums?city=bronx System.Web.Http.Controllers DefaultHttpControllerActivator Create MupadoodleAPI.Controllers.MuseumsController
2012-07-20 14:00:53.1289|INFO|MupadoodleAPI.Models.NLogger| GET http://localhost:4463/api/museums?city=bronx System.Web.Http.Controllers HttpControllerDescriptor CreateController MupadoodleAPI.Controllers.MuseumsController
2012-07-20 14:00:53.1289|INFO|MupadoodleAPI.Models.NLogger| GET http://localhost:4463/api/museums?city=bronx System.Web.Http.Controllers MuseumsController ExecuteAsync
2012-07-20 14:00:53.1459|INFO|MupadoodleAPI.Models.NLogger| GET http://localhost:4463/api/museums?city=bronx System.Web.Http.Action ApiControllerActionSelector SelectAction
2012-07-20 14:00:53.2719|INFO|MupadoodleAPI.Models.NLogger| GET http://localhost:4463/api/museums?city=bronx System.Web.Http.Action ApiControllerActionSelector SelectAction Selected action 'GetMuseumsInCity(String city)'
2012-07-20 14:00:53.3239|INFO|MupadoodleAPI.Models.NLogger| GET http://localhost:4463/api/museums?city=bronx System.Web.Http.ModelBinding HttpActionBinding ExecuteBindingAsync
2012-07-20 14:00:53.3459|INFO|MupadoodleAPI.Models.NLogger| GET http://localhost:4463/api/museums?city=bronx System.Web.Http.ModelBinding ModelBinderParameterBinding ExecuteBindingAsync Binding parameter 'city'
2012-07-20 14:00:53.4829|INFO|MupadoodleAPI.Models.NLogger| GET http://localhost:4463/api/museums?city=bronx System.Web.Http.ModelBinding ModelBinderParameterBinding ExecuteBindingAsync Parameter 'city' bound to the value 'bronx'
2012-07-20 14:00:53.5370|INFO|MupadoodleAPI.Models.NLogger| GET http://localhost:4463/api/museums?city=bronx System.Web.Http.ModelBinding HttpActionBinding ExecuteBindingAsync Model state is valid. Values: city=bronx
2012-07-20 14:00:53.6320|INFO|MupadoodleAPI.Models.NLogger| GET http://localhost:4463/api/museums?city=bronx System.Web.Http.Action ApiControllerActionInvoker InvokeActionAsync Action='GetMuseumsInCity(city=bronx)'
2012-07-20 14:00:53.6420|INFO|MupadoodleAPI.Models.NLogger| GET http://localhost:4463/api/museums?city=bronx System.Web.Http.Action ReflectedHttpActionDescriptor ExecuteAsync Invoking action 'GetMuseumsInCity(city=bronx)'
2012-07-20 14:00:53.7180|INFO|MupadoodleAPI.Models.NLogger| GET http://localhost:4463/api/museums?city=bronx System.Web.Http.Action ReflectedHttpActionDescriptor ExecuteAsync Action returned 'System.Linq.Enumerable+WhereListIterator`1[MupadoodleAPI.Models.Museum]'
2012-07-20 14:00:53.7350|INFO|MupadoodleAPI.Models.NLogger| GET http://localhost:4463/api/museums?city=bronx System.Net.Http.Formatting DefaultContentNegotiator Negotiate Type='IEnumerable`1', formatters=[JsonMediaTypeFormatterTracer, XmlMediaTypeFormatterTracer, FormUrlEncodedMediaTypeFormatterTracer, FormUrlEncodedMediaTypeFormatterTracer]
2012-07-20 14:00:53.8100|INFO|MupadoodleAPI.Models.NLogger| GET http://localhost:4463/api/museums?city=bronx System.Net.Http.Formatting XmlMediaTypeFormatter GetPerRequestFormatterInstance Obtaining formatter of type 'XmlMediaTypeFormatter' for type='IEnumerable`1', mediaType='application/xml; charset=utf-8'
2012-07-20 14:00:53.8100|INFO|MupadoodleAPI.Models.NLogger| GET http://localhost:4463/api/museums?city=bronx System.Net.Http.Formatting XmlMediaTypeFormatter GetPerRequestFormatterInstance Will use same 'XmlMediaTypeFormatter' formatter
2012-07-20 14:00:53.8100|INFO|MupadoodleAPI.Models.NLogger| GET http://localhost:4463/api/museums?city=bronx System.Net.Http.Formatting DefaultContentNegotiator Negotiate Selected formatter='XmlMediaTypeFormatter', content-type='application/xml; charset=utf-8'
2012-07-20 14:00:53.8520|INFO|MupadoodleAPI.Models.NLogger| GET http://localhost:4463/api/museums?city=bronx System.Web.Http.Action ApiControllerActionInvoker InvokeActionAsync
2012-07-20 14:00:53.8660|INFO|MupadoodleAPI.Models.NLogger| GET http://localhost:4463/api/museums?city=bronx System.Web.Http.Controllers MuseumsController ExecuteAsync
2012-07-20 14:00:53.8790|INFO|MupadoodleAPI.Models.NLogger| GET http://localhost:4463/api/museums?city=bronx System.Web.Http.Request Content-type='application/xml; charset=utf-8', content-length=unknown
2012-07-20 14:00:53.9810|INFO|MupadoodleAPI.Models.NLogger| GET http://localhost:4463/api/museums?city=bronx System.Net.Http.Formatting XmlMediaTypeFormatter WriteToStreamAsync Value='System.Linq.Enumerable+WhereListIterator`1[MupadoodleAPI.Models.Museum]', type='IEnumerable`1', content-type='application/xml; charset=utf-8'
2012-07-20 14:00:54.0210|INFO|MupadoodleAPI.Models.NLogger| GET http://localhost:4463/api/museums?city=bronx System.Net.Http.Formatting XmlMediaTypeFormatter WriteToStreamAsync
2012-07-20 14:00:54.9200|INFO|MupadoodleAPI.Models.NLogger| GET http://localhost:4463/api/museums?city=bronx System.Web.Http.Controllers MuseumsController Dispose
2012-07-20 14:00:54.9200|INFO|MupadoodleAPI.Models.NLogger| GET http://localhost:4463/api/museums?city=bronx System.Web.Http.Controllers MuseumsController Dispose
2012-07-20 14:41:39.1758|INFO|MupadoodleAPI.Models.NLogger| GET http://localhost:4463/api/museums System.Web.Http.Request http://localhost:4463/api/museums
2012-07-20 14:41:39.3258|INFO|MupadoodleAPI.Models.NLogger| GET http://localhost:4463/api/museums System.Web.Http.Controllers DefaultHttpControllerSelector SelectController Route='controller:museums'
2012-07-20 14:41:39.5439|INFO|MupadoodleAPI.Models.NLogger| GET http://localhost:4463/api/museums System.Web.Http.Controllers DefaultHttpControllerSelector SelectController Museums
2012-07-20 14:41:39.5499|INFO|MupadoodleAPI.Models.NLogger| GET http://localhost:4463/api/museums System.Web.Http.Controllers HttpControllerDescriptor CreateController
2012-07-20 14:41:39.5499|INFO|MupadoodleAPI.Models.NLogger| GET http://localhost:4463/api/museums System.Web.Http.Controllers DefaultHttpControllerActivator Create
2012-07-20 14:41:39.6029|INFO|MupadoodleAPI.Models.NLogger| GET http://localhost:4463/api/museums System.Web.Http.Controllers DefaultHttpControllerActivator Create MupadoodleAPI.Controllers.MuseumsController
2012-07-20 14:41:39.6029|INFO|MupadoodleAPI.Models.NLogger| GET http://localhost:4463/api/museums System.Web.Http.Controllers HttpControllerDescriptor CreateController MupadoodleAPI.Controllers.MuseumsController
2012-07-20 14:41:39.6129|INFO|MupadoodleAPI.Models.NLogger| GET http://localhost:4463/api/museums System.Web.Http.Controllers MuseumsController ExecuteAsync
2012-07-20 14:41:39.6269|INFO|MupadoodleAPI.Models.NLogger| GET http://localhost:4463/api/museums System.Web.Http.Action ApiControllerActionSelector SelectAction
2012-07-20 14:41:39.7309|INFO|MupadoodleAPI.Models.NLogger| GET http://localhost:4463/api/museums System.Web.Http.Action ApiControllerActionSelector SelectAction Selected action 'GetAllMuseums()'
2012-07-20 14:41:39.7819|INFO|MupadoodleAPI.Models.NLogger| GET http://localhost:4463/api/museums System.Web.Http.ModelBinding HttpActionBinding ExecuteBindingAsync
2012-07-20 14:41:39.8079|INFO|MupadoodleAPI.Models.NLogger| GET http://localhost:4463/api/museums System.Web.Http.ModelBinding HttpActionBinding ExecuteBindingAsync
2012-07-20 14:41:39.8809|INFO|MupadoodleAPI.Models.NLogger| GET http://localhost:4463/api/museums System.Web.Http.Action ApiControllerActionInvoker InvokeActionAsync Action='GetAllMuseums()'
2012-07-20 14:41:39.8929|INFO|MupadoodleAPI.Models.NLogger| GET http://localhost:4463/api/museums System.Web.Http.Action ReflectedHttpActionDescriptor ExecuteAsync Invoking action 'GetAllMuseums()'
2012-07-20 14:41:39.9599|INFO|MupadoodleAPI.Models.NLogger| GET http://localhost:4463/api/museums System.Web.Http.Action ReflectedHttpActionDescriptor ExecuteAsync Action returned 'System.Collections.Generic.List`1[MupadoodleAPI.Models.Museum]'
2012-07-20 14:41:40.0399|INFO|MupadoodleAPI.Models.NLogger| GET http://localhost:4463/api/museums System.Net.Http.Formatting DefaultContentNegotiator Negotiate Type='IEnumerable`1', formatters=[JsonMediaTypeFormatterTracer, XmlMediaTypeFormatterTracer, FormUrlEncodedMediaTypeFormatterTracer, FormUrlEncodedMediaTypeFormatterTracer]
2012-07-20 14:41:40.1049|INFO|MupadoodleAPI.Models.NLogger| GET http://localhost:4463/api/museums System.Net.Http.Formatting XmlMediaTypeFormatter GetPerRequestFormatterInstance Obtaining formatter of type 'XmlMediaTypeFormatter' for type='IEnumerable`1', mediaType='application/xml; charset=utf-8'
2012-07-20 14:41:40.1169|INFO|MupadoodleAPI.Models.NLogger| GET http://localhost:4463/api/museums System.Net.Http.Formatting XmlMediaTypeFormatter GetPerRequestFormatterInstance Will use same 'XmlMediaTypeFormatter' formatter
2012-07-20 14:41:40.1259|INFO|MupadoodleAPI.Models.NLogger| GET http://localhost:4463/api/museums System.Net.Http.Formatting DefaultContentNegotiator Negotiate Selected formatter='XmlMediaTypeFormatter', content-type='application/xml; charset=utf-8'
2012-07-20 14:41:40.1509|INFO|MupadoodleAPI.Models.NLogger| GET http://localhost:4463/api/museums System.Web.Http.Action ApiControllerActionInvoker InvokeActionAsync
2012-07-20 14:41:40.1699|INFO|MupadoodleAPI.Models.NLogger| GET http://localhost:4463/api/museums System.Web.Http.Controllers MuseumsController ExecuteAsync
2012-07-20 14:41:40.1749|INFO|MupadoodleAPI.Models.NLogger| GET http://localhost:4463/api/museums System.Web.Http.Request Content-type='application/xml; charset=utf-8', content-length=unknown
2012-07-20 14:41:40.2479|INFO|MupadoodleAPI.Models.NLogger| GET http://localhost:4463/api/museums System.Net.Http.Formatting XmlMediaTypeFormatter WriteToStreamAsync Value='System.Collections.Generic.List`1[MupadoodleAPI.Models.Museum]', type='IEnumerable`1', content-type='application/xml; charset=utf-8'
2012-07-20 14:41:40.3419|INFO|MupadoodleAPI.Models.NLogger| GET http://localhost:4463/api/museums System.Net.Http.Formatting XmlMediaTypeFormatter WriteToStreamAsync
2012-07-20 14:41:40.3989|INFO|MupadoodleAPI.Models.NLogger| GET http://localhost:4463/api/museums System.Web.Http.Controllers MuseumsController Dispose
2012-07-20 14:41:40.3989|INFO|MupadoodleAPI.Models.NLogger| GET http://localhost:4463/api/museums System.Web.Http.Controllers MuseumsController Dispose
