2012-07-25 18:15:14.7907|INFO|MupadoodleAPI.Models.NLogger| GET http://localhost:4463/api/museums System.Web.Http.Request http://localhost:4463/api/museums
2012-07-25 18:15:14.8707|INFO|MupadoodleAPI.Models.NLogger| GET http://localhost:4463/api/museums System.Web.Http.MessageHandlers ApiKeyHandler SendAsync
2012-07-25 18:15:14.9867|INFO|MupadoodleAPI.Models.NLogger| GET http://localhost:4463/api/museums System.Web.Http.MessageHandlers ApiKeyHandler SendAsync
2012-07-25 18:15:15.0057|INFO|MupadoodleAPI.Models.NLogger| GET http://localhost:4463/api/museums System.Web.Http.Request Content-type='none', content-length=unknown
2012-07-25 18:15:19.8620|INFO|MupadoodleAPI.Models.NLogger| GET http://localhost:4463/api/museums?key=1234-abcd System.Web.Http.Request http://localhost:4463/api/museums?key=1234-abcd
2012-07-25 18:15:19.8620|INFO|MupadoodleAPI.Models.NLogger| GET http://localhost:4463/api/museums?key=1234-abcd System.Web.Http.MessageHandlers ApiKeyHandler SendAsync
2012-07-25 18:15:19.8880|INFO|MupadoodleAPI.Models.NLogger| GET http://localhost:4463/api/museums?key=1234-abcd System.Web.Http.Controllers DefaultHttpControllerSelector SelectController Route='controller:museums'
2012-07-25 18:15:21.0740|INFO|MupadoodleAPI.Models.NLogger| GET http://localhost:4463/api/museums?key=1234-abcd System.Web.Http.Controllers DefaultHttpControllerSelector SelectController Museums
2012-07-25 18:15:21.0740|INFO|MupadoodleAPI.Models.NLogger| GET http://localhost:4463/api/museums?key=1234-abcd System.Web.Http.Controllers HttpControllerDescriptor CreateController
2012-07-25 18:15:21.0920|INFO|MupadoodleAPI.Models.NLogger| GET http://localhost:4463/api/museums?key=1234-abcd System.Web.Http.Controllers DefaultHttpControllerActivator Create
2012-07-25 18:15:21.1730|INFO|MupadoodleAPI.Models.NLogger| GET http://localhost:4463/api/museums?key=1234-abcd System.Web.Http.Controllers DefaultHttpControllerActivator Create MupadoodleAPI.Controllers.MuseumsController
2012-07-25 18:15:21.1730|INFO|MupadoodleAPI.Models.NLogger| GET http://localhost:4463/api/museums?key=1234-abcd System.Web.Http.Controllers HttpControllerDescriptor CreateController MupadoodleAPI.Controllers.MuseumsController
2012-07-25 18:15:21.1830|INFO|MupadoodleAPI.Models.NLogger| GET http://localhost:4463/api/museums?key=1234-abcd System.Web.Http.Controllers MuseumsController ExecuteAsync
2012-07-25 18:15:21.1830|INFO|MupadoodleAPI.Models.NLogger| GET http://localhost:4463/api/museums?key=1234-abcd System.Web.Http.Action ApiControllerActionSelector SelectAction
2012-07-25 18:15:21.3180|INFO|MupadoodleAPI.Models.NLogger| GET http://localhost:4463/api/museums?key=1234-abcd System.Web.Http.Action ApiControllerActionSelector SelectAction Selected action 'GetAllMuseums()'
2012-07-25 18:15:21.3740|INFO|MupadoodleAPI.Models.NLogger| GET http://localhost:4463/api/museums?key=1234-abcd System.Web.Http.ModelBinding HttpActionBinding ExecuteBindingAsync
2012-07-25 18:15:21.4150|INFO|MupadoodleAPI.Models.NLogger| GET http://localhost:4463/api/museums?key=1234-abcd System.Web.Http.ModelBinding HttpActionBinding ExecuteBindingAsync
2012-07-25 18:15:21.4440|INFO|MupadoodleAPI.Models.NLogger| GET http://localhost:4463/api/museums?key=1234-abcd System.Web.Http.Action ApiControllerActionInvoker InvokeActionAsync Action='GetAllMuseums()'
2012-07-25 18:15:21.4480|INFO|MupadoodleAPI.Models.NLogger| GET http://localhost:4463/api/museums?key=1234-abcd System.Web.Http.Action ReflectedHttpActionDescriptor ExecuteAsync Invoking action 'GetAllMuseums()'
2012-07-25 18:15:21.5070|INFO|MupadoodleAPI.Models.NLogger| GET http://localhost:4463/api/museums?key=1234-abcd System.Web.Http.Action ReflectedHttpActionDescriptor ExecuteAsync Action returned 'System.Collections.Generic.List`1[MupadoodleAPI.Models.Museum]'
2012-07-25 18:15:21.5290|INFO|MupadoodleAPI.Models.NLogger| GET http://localhost:4463/api/museums?key=1234-abcd System.Net.Http.Formatting DefaultContentNegotiator Negotiate Type='IEnumerable`1', formatters=[JsonMediaTypeFormatterTracer, XmlMediaTypeFormatterTracer, FormUrlEncodedMediaTypeFormatterTracer, FormUrlEncodedMediaTypeFormatterTracer]
2012-07-25 18:15:21.6661|INFO|MupadoodleAPI.Models.NLogger| GET http://localhost:4463/api/museums?key=1234-abcd System.Net.Http.Formatting XmlMediaTypeFormatter GetPerRequestFormatterInstance Obtaining formatter of type 'XmlMediaTypeFormatter' for type='IEnumerable`1', mediaType='application/xml; charset=utf-8'
2012-07-25 18:15:21.6661|INFO|MupadoodleAPI.Models.NLogger| GET http://localhost:4463/api/museums?key=1234-abcd System.Net.Http.Formatting XmlMediaTypeFormatter GetPerRequestFormatterInstance Will use same 'XmlMediaTypeFormatter' formatter
2012-07-25 18:15:21.6661|INFO|MupadoodleAPI.Models.NLogger| GET http://localhost:4463/api/museums?key=1234-abcd System.Net.Http.Formatting DefaultContentNegotiator Negotiate Selected formatter='XmlMediaTypeFormatter', content-type='application/xml; charset=utf-8'
2012-07-25 18:15:21.7071|INFO|MupadoodleAPI.Models.NLogger| GET http://localhost:4463/api/museums?key=1234-abcd System.Web.Http.Action ApiControllerActionInvoker InvokeActionAsync
2012-07-25 18:15:21.7141|INFO|MupadoodleAPI.Models.NLogger| GET http://localhost:4463/api/museums?key=1234-abcd System.Web.Http.Controllers MuseumsController ExecuteAsync
2012-07-25 18:15:21.7141|INFO|MupadoodleAPI.Models.NLogger| GET http://localhost:4463/api/museums?key=1234-abcd System.Web.Http.MessageHandlers ApiKeyHandler SendAsync
2012-07-25 18:15:21.7321|INFO|MupadoodleAPI.Models.NLogger| GET http://localhost:4463/api/museums?key=1234-abcd System.Web.Http.Request Content-type='application/xml; charset=utf-8', content-length=unknown
2012-07-25 18:15:21.7611|INFO|MupadoodleAPI.Models.NLogger| GET http://localhost:4463/api/museums?key=1234-abcd System.Net.Http.Formatting XmlMediaTypeFormatter WriteToStreamAsync Value='System.Collections.Generic.List`1[MupadoodleAPI.Models.Museum]', type='IEnumerable`1', content-type='application/xml; charset=utf-8'
2012-07-25 18:15:21.8671|INFO|MupadoodleAPI.Models.NLogger| GET http://localhost:4463/api/museums?key=1234-abcd System.Net.Http.Formatting XmlMediaTypeFormatter WriteToStreamAsync
2012-07-25 18:15:21.9401|INFO|MupadoodleAPI.Models.NLogger| GET http://localhost:4463/api/museums?key=1234-abcd System.Web.Http.Controllers MuseumsController Dispose
2012-07-25 18:15:21.9401|INFO|MupadoodleAPI.Models.NLogger| GET http://localhost:4463/api/museums?key=1234-abcd System.Web.Http.Controllers MuseumsController Dispose
2012-07-25 20:16:59.9860|INFO|MupadoodleAPI.Models.NLogger| GET http://localhost:4463/api/museums?key=1234-abcd System.Web.Http.Request http://localhost:4463/api/museums?key=1234-abcd
2012-07-25 20:17:00.1260|INFO|MupadoodleAPI.Models.NLogger| GET http://localhost:4463/api/museums?key=1234-abcd System.Web.Http.MessageHandlers ApiKeyHandler SendAsync
2012-07-25 20:17:00.4780|INFO|MupadoodleAPI.Models.NLogger| GET http://localhost:4463/api/museums?key=1234-abcd System.Web.Http.Controllers DefaultHttpControllerSelector SelectController Route='controller:museums'
2012-07-25 20:17:00.6220|INFO|MupadoodleAPI.Models.NLogger| GET http://localhost:4463/api/museums?key=1234-abcd System.Web.Http.Controllers DefaultHttpControllerSelector SelectController Museums
2012-07-25 20:17:00.6290|INFO|MupadoodleAPI.Models.NLogger| GET http://localhost:4463/api/museums?key=1234-abcd System.Web.Http.Controllers HttpControllerDescriptor CreateController
2012-07-25 20:17:00.6290|INFO|MupadoodleAPI.Models.NLogger| GET http://localhost:4463/api/museums?key=1234-abcd System.Web.Http.Controllers DefaultHttpControllerActivator Create
2012-07-25 20:17:00.6870|INFO|MupadoodleAPI.Models.NLogger| GET http://localhost:4463/api/museums?key=1234-abcd System.Web.Http.Controllers DefaultHttpControllerActivator Create MupadoodleAPI.Controllers.MuseumsController
2012-07-25 20:17:00.6880|INFO|MupadoodleAPI.Models.NLogger| GET http://localhost:4463/api/museums?key=1234-abcd System.Web.Http.Controllers HttpControllerDescriptor CreateController MupadoodleAPI.Controllers.MuseumsController
2012-07-25 20:17:00.6880|INFO|MupadoodleAPI.Models.NLogger| GET http://localhost:4463/api/museums?key=1234-abcd System.Web.Http.Controllers MuseumsController ExecuteAsync
2012-07-25 20:17:00.7040|INFO|MupadoodleAPI.Models.NLogger| GET http://localhost:4463/api/museums?key=1234-abcd System.Web.Http.Action ApiControllerActionSelector SelectAction
2012-07-25 20:17:00.7950|INFO|MupadoodleAPI.Models.NLogger| GET http://localhost:4463/api/museums?key=1234-abcd System.Web.Http.Action ApiControllerActionSelector SelectAction Selected action 'GetAllMuseums()'
2012-07-25 20:17:00.8410|INFO|MupadoodleAPI.Models.NLogger| GET http://localhost:4463/api/museums?key=1234-abcd System.Web.Http.ModelBinding HttpActionBinding ExecuteBindingAsync
2012-07-25 20:17:00.9250|INFO|MupadoodleAPI.Models.NLogger| GET http://localhost:4463/api/museums?key=1234-abcd System.Web.Http.ModelBinding HttpActionBinding ExecuteBindingAsync
2012-07-25 20:17:00.9610|INFO|MupadoodleAPI.Models.NLogger| GET http://localhost:4463/api/museums?key=1234-abcd System.Web.Http.Action ApiControllerActionInvoker InvokeActionAsync Action='GetAllMuseums()'
2012-07-25 20:17:00.9830|INFO|MupadoodleAPI.Models.NLogger| GET http://localhost:4463/api/museums?key=1234-abcd System.Web.Http.Action ReflectedHttpActionDescriptor ExecuteAsync Invoking action 'GetAllMuseums()'
2012-07-25 20:17:01.0560|INFO|MupadoodleAPI.Models.NLogger| GET http://localhost:4463/api/museums?key=1234-abcd System.Web.Http.Action ReflectedHttpActionDescriptor ExecuteAsync Action returned 'System.Collections.Generic.List`1[MupadoodleAPI.Models.Museum]'
2012-07-25 20:17:01.1780|INFO|MupadoodleAPI.Models.NLogger| GET http://localhost:4463/api/museums?key=1234-abcd System.Net.Http.Formatting DefaultContentNegotiator Negotiate Type='IEnumerable`1', formatters=[JsonMediaTypeFormatterTracer, XmlMediaTypeFormatterTracer, FormUrlEncodedMediaTypeFormatterTracer, FormUrlEncodedMediaTypeFormatterTracer]
2012-07-25 20:17:01.2480|INFO|MupadoodleAPI.Models.NLogger| GET http://localhost:4463/api/museums?key=1234-abcd System.Net.Http.Formatting XmlMediaTypeFormatter GetPerRequestFormatterInstance Obtaining formatter of type 'XmlMediaTypeFormatter' for type='IEnumerable`1', mediaType='application/xml; charset=utf-8'
2012-07-25 20:17:01.3550|INFO|MupadoodleAPI.Models.NLogger| GET http://localhost:4463/api/museums?key=1234-abcd System.Net.Http.Formatting XmlMediaTypeFormatter GetPerRequestFormatterInstance Will use same 'XmlMediaTypeFormatter' formatter
2012-07-25 20:17:01.3600|INFO|MupadoodleAPI.Models.NLogger| GET http://localhost:4463/api/museums?key=1234-abcd System.Net.Http.Formatting DefaultContentNegotiator Negotiate Selected formatter='XmlMediaTypeFormatter', content-type='application/xml; charset=utf-8'
2012-07-25 20:17:01.3890|INFO|MupadoodleAPI.Models.NLogger| GET http://localhost:4463/api/museums?key=1234-abcd System.Web.Http.Action ApiControllerActionInvoker InvokeActionAsync
2012-07-25 20:17:01.4530|INFO|MupadoodleAPI.Models.NLogger| GET http://localhost:4463/api/museums?key=1234-abcd System.Web.Http.Controllers MuseumsController ExecuteAsync
2012-07-25 20:17:01.4530|INFO|MupadoodleAPI.Models.NLogger| GET http://localhost:4463/api/museums?key=1234-abcd System.Web.Http.MessageHandlers ApiKeyHandler SendAsync
2012-07-25 20:17:01.4850|INFO|MupadoodleAPI.Models.NLogger| GET http://localhost:4463/api/museums?key=1234-abcd System.Web.Http.Request Content-type='application/xml; charset=utf-8', content-length=unknown
2012-07-25 20:17:01.5470|INFO|MupadoodleAPI.Models.NLogger| GET http://localhost:4463/api/museums?key=1234-abcd System.Net.Http.Formatting XmlMediaTypeFormatter WriteToStreamAsync Value='System.Collections.Generic.List`1[MupadoodleAPI.Models.Museum]', type='IEnumerable`1', content-type='application/xml; charset=utf-8'
2012-07-25 20:17:01.6431|INFO|MupadoodleAPI.Models.NLogger| GET http://localhost:4463/api/museums?key=1234-abcd System.Net.Http.Formatting XmlMediaTypeFormatter WriteToStreamAsync
2012-07-25 20:17:01.6431|INFO|MupadoodleAPI.Models.NLogger| GET http://localhost:4463/api/museums?key=1234-abcd System.Web.Http.Controllers MuseumsController Dispose
2012-07-25 20:17:01.6551|INFO|MupadoodleAPI.Models.NLogger| GET http://localhost:4463/api/museums?key=1234-abcd System.Web.Http.Controllers MuseumsController Dispose
2012-07-25 22:26:53.8477|INFO|MupadoodleAPI.Models.NLogger| GET http://localhost:4463/api/museums System.Web.Http.Request http://localhost:4463/api/museums
2012-07-25 22:26:53.9537|INFO|MupadoodleAPI.Models.NLogger| GET http://localhost:4463/api/museums System.Web.Http.MessageHandlers ApiKeyHandler SendAsync
2012-07-25 22:26:54.1878|INFO|MupadoodleAPI.Models.NLogger| GET http://localhost:4463/api/museums System.Web.Http.MessageHandlers ApiKeyHandler SendAsync
2012-07-25 22:26:54.2518|INFO|MupadoodleAPI.Models.NLogger| GET http://localhost:4463/api/museums System.Web.Http.Request Content-type='none', content-length=unknown
2012-07-25 22:27:10.8517|INFO|MupadoodleAPI.Models.NLogger| GET http://localhost:4463/api/markets?key=1234-abcd System.Web.Http.Request http://localhost:4463/api/markets?key=1234-abcd
2012-07-25 22:27:10.8517|INFO|MupadoodleAPI.Models.NLogger| GET http://localhost:4463/api/markets?key=1234-abcd System.Web.Http.MessageHandlers ApiKeyHandler SendAsync
2012-07-25 22:27:10.8877|INFO|MupadoodleAPI.Models.NLogger| GET http://localhost:4463/api/markets?key=1234-abcd System.Web.Http.Controllers DefaultHttpControllerSelector SelectController Route='controller:markets'
2012-07-25 22:27:11.1537|INFO|MupadoodleAPI.Models.NLogger| GET http://localhost:4463/api/markets?key=1234-abcd System.Web.Http.Controllers DefaultHttpControllerSelector SelectController Markets
2012-07-25 22:27:11.1617|INFO|MupadoodleAPI.Models.NLogger| GET http://localhost:4463/api/markets?key=1234-abcd System.Web.Http.Controllers HttpControllerDescriptor CreateController
2012-07-25 22:27:11.1617|INFO|MupadoodleAPI.Models.NLogger| GET http://localhost:4463/api/markets?key=1234-abcd System.Web.Http.Controllers DefaultHttpControllerActivator Create
2012-07-25 22:27:11.2367|INFO|MupadoodleAPI.Models.NLogger| GET http://localhost:4463/api/markets?key=1234-abcd System.Web.Http.Controllers DefaultHttpControllerActivator Create MupadoodleAPI.Controllers.MarketsController
2012-07-25 22:27:11.2367|INFO|MupadoodleAPI.Models.NLogger| GET http://localhost:4463/api/markets?key=1234-abcd System.Web.Http.Controllers HttpControllerDescriptor CreateController MupadoodleAPI.Controllers.MarketsController
2012-07-25 22:27:11.2367|INFO|MupadoodleAPI.Models.NLogger| GET http://localhost:4463/api/markets?key=1234-abcd System.Web.Http.Controllers MarketsController ExecuteAsync
2012-07-25 22:27:11.2537|INFO|MupadoodleAPI.Models.NLogger| GET http://localhost:4463/api/markets?key=1234-abcd System.Web.Http.Action ApiControllerActionSelector SelectAction
2012-07-25 22:27:11.4107|INFO|MupadoodleAPI.Models.NLogger| GET http://localhost:4463/api/markets?key=1234-abcd System.Web.Http.Action ApiControllerActionSelector SelectAction Selected action 'GetAllMarkets()'
2012-07-25 22:27:11.4618|INFO|MupadoodleAPI.Models.NLogger| GET http://localhost:4463/api/markets?key=1234-abcd System.Web.Http.ModelBinding HttpActionBinding ExecuteBindingAsync
2012-07-25 22:27:11.4718|INFO|MupadoodleAPI.Models.NLogger| GET http://localhost:4463/api/markets?key=1234-abcd System.Web.Http.ModelBinding HttpActionBinding ExecuteBindingAsync
2012-07-25 22:27:11.5028|INFO|MupadoodleAPI.Models.NLogger| GET http://localhost:4463/api/markets?key=1234-abcd System.Web.Http.Action ApiControllerActionInvoker InvokeActionAsync Action='GetAllMarkets()'
2012-07-25 22:27:11.5028|INFO|MupadoodleAPI.Models.NLogger| GET http://localhost:4463/api/markets?key=1234-abcd System.Web.Http.Action ReflectedHttpActionDescriptor ExecuteAsync Invoking action 'GetAllMarkets()'
2012-07-25 22:27:11.7058|INFO|MupadoodleAPI.Models.NLogger| GET http://localhost:4463/api/markets?key=1234-abcd System.Web.Http.Action ReflectedHttpActionDescriptor ExecuteAsync Action returned 'System.Collections.Generic.List`1[MupadoodleAPI.Models.Market]'
2012-07-25 22:27:11.7338|INFO|MupadoodleAPI.Models.NLogger| GET http://localhost:4463/api/markets?key=1234-abcd System.Net.Http.Formatting DefaultContentNegotiator Negotiate Type='IEnumerable`1', formatters=[JsonMediaTypeFormatterTracer, XmlMediaTypeFormatterTracer, FormUrlEncodedMediaTypeFormatterTracer, FormUrlEncodedMediaTypeFormatterTracer]
2012-07-25 22:27:12.5178|INFO|MupadoodleAPI.Models.NLogger| GET http://localhost:4463/api/markets?key=1234-abcd System.Net.Http.Formatting XmlMediaTypeFormatter GetPerRequestFormatterInstance Obtaining formatter of type 'XmlMediaTypeFormatter' for type='IEnumerable`1', mediaType='application/xml; charset=utf-8'
2012-07-25 22:27:12.5178|INFO|MupadoodleAPI.Models.NLogger| GET http://localhost:4463/api/markets?key=1234-abcd System.Net.Http.Formatting XmlMediaTypeFormatter GetPerRequestFormatterInstance Will use same 'XmlMediaTypeFormatter' formatter
2012-07-25 22:27:12.5328|INFO|MupadoodleAPI.Models.NLogger| GET http://localhost:4463/api/markets?key=1234-abcd System.Net.Http.Formatting DefaultContentNegotiator Negotiate Selected formatter='XmlMediaTypeFormatter', content-type='application/xml; charset=utf-8'
2012-07-25 22:27:12.5608|INFO|MupadoodleAPI.Models.NLogger| GET http://localhost:4463/api/markets?key=1234-abcd System.Web.Http.Action ApiControllerActionInvoker InvokeActionAsync
2012-07-25 22:27:12.5638|INFO|MupadoodleAPI.Models.NLogger| GET http://localhost:4463/api/markets?key=1234-abcd System.Web.Http.Controllers MarketsController ExecuteAsync
2012-07-25 22:27:12.5638|INFO|MupadoodleAPI.Models.NLogger| GET http://localhost:4463/api/markets?key=1234-abcd System.Web.Http.MessageHandlers ApiKeyHandler SendAsync
2012-07-25 22:27:13.3249|INFO|MupadoodleAPI.Models.NLogger| GET http://localhost:4463/api/markets?key=1234-abcd System.Web.Http.Request Content-type='application/xml; charset=utf-8', content-length=unknown
2012-07-25 22:27:13.3439|INFO|MupadoodleAPI.Models.NLogger| GET http://localhost:4463/api/markets?key=1234-abcd System.Net.Http.Formatting XmlMediaTypeFormatter WriteToStreamAsync Value='System.Collections.Generic.List`1[MupadoodleAPI.Models.Market]', type='IEnumerable`1', content-type='application/xml; charset=utf-8'
2012-07-25 22:27:13.8619|INFO|MupadoodleAPI.Models.NLogger| GET http://localhost:4463/api/markets?key=1234-abcd System.Net.Http.Formatting XmlMediaTypeFormatter WriteToStreamAsync
2012-07-25 22:27:14.6139|INFO|MupadoodleAPI.Models.NLogger| GET http://localhost:4463/api/markets?key=1234-abcd System.Web.Http.Controllers MarketsController Dispose
2012-07-25 22:27:14.6139|INFO|MupadoodleAPI.Models.NLogger| GET http://localhost:4463/api/markets?key=1234-abcd System.Web.Http.Controllers MarketsController Dispose
