2012-07-27 10:07:10.1372|INFO|MupadoodleAPI.Models.NLogger| GET http://localhost:4463/api/museums?key=1234-abcd System.Web.Http.Request http://localhost:4463/api/museums?key=1234-abcd
2012-07-27 10:07:10.1372|INFO|MupadoodleAPI.Models.NLogger| GET http://localhost:4463/api/museums System.Web.Http.Request http://localhost:4463/api/museums
2012-07-27 10:07:10.6102|INFO|MupadoodleAPI.Models.NLogger| GET http://localhost:4463/api/museums System.Web.Http.MessageHandlers ApiKeyHandler SendAsync
2012-07-27 10:07:10.6212|INFO|MupadoodleAPI.Models.NLogger| GET http://localhost:4463/api/museums?key=1234-abcd System.Web.Http.MessageHandlers ApiKeyHandler SendAsync
2012-07-27 10:07:10.7422|INFO|MupadoodleAPI.Models.NLogger| GET http://localhost:4463/api/museums?key=1234-abcd System.Web.Http.Controllers DefaultHttpControllerSelector SelectController Route='controller:museums'
2012-07-27 10:07:10.8172|INFO|MupadoodleAPI.Models.NLogger| GET http://localhost:4463/api/museums System.Web.Http.MessageHandlers ApiKeyHandler SendAsync
2012-07-27 10:07:10.8772|INFO|MupadoodleAPI.Models.NLogger| GET http://localhost:4463/api/museums System.Web.Http.Request Content-type='none', content-length=unknown
2012-07-27 10:07:11.1243|INFO|MupadoodleAPI.Models.NLogger| GET http://localhost:4463/api/museums?key=1234-abcd System.Web.Http.Controllers DefaultHttpControllerSelector SelectController Museums
2012-07-27 10:07:11.1243|INFO|MupadoodleAPI.Models.NLogger| GET http://localhost:4463/api/museums?key=1234-abcd System.Web.Http.Controllers HttpControllerDescriptor CreateController
2012-07-27 10:07:11.1373|INFO|MupadoodleAPI.Models.NLogger| GET http://localhost:4463/api/museums?key=1234-abcd System.Web.Http.Controllers DefaultHttpControllerActivator Create
2012-07-27 10:07:11.1803|INFO|MupadoodleAPI.Models.NLogger| GET http://localhost:4463/api/museums?key=1234-abcd System.Web.Http.Controllers DefaultHttpControllerActivator Create MupadoodleAPI.Controllers.MuseumsController
2012-07-27 10:07:11.1833|INFO|MupadoodleAPI.Models.NLogger| GET http://localhost:4463/api/museums?key=1234-abcd System.Web.Http.Controllers HttpControllerDescriptor CreateController MupadoodleAPI.Controllers.MuseumsController
2012-07-27 10:07:11.1833|INFO|MupadoodleAPI.Models.NLogger| GET http://localhost:4463/api/museums?key=1234-abcd System.Web.Http.Controllers MuseumsController ExecuteAsync
2012-07-27 10:07:11.2313|INFO|MupadoodleAPI.Models.NLogger| GET http://localhost:4463/api/museums?key=1234-abcd System.Web.Http.Action ApiControllerActionSelector SelectAction
2012-07-27 10:07:11.3403|INFO|MupadoodleAPI.Models.NLogger| GET http://localhost:4463/api/museums?key=1234-abcd System.Web.Http.Action ApiControllerActionSelector SelectAction Selected action 'GetAllMuseums()'
2012-07-27 10:07:11.4023|INFO|MupadoodleAPI.Models.NLogger| GET http://localhost:4463/api/museums?key=1234-abcd System.Web.Http.ModelBinding HttpActionBinding ExecuteBindingAsync
2012-07-27 10:07:11.4023|INFO|MupadoodleAPI.Models.NLogger| GET http://localhost:4463/api/museums?key=1234-abcd System.Web.Http.ModelBinding HttpActionBinding ExecuteBindingAsync
2012-07-27 10:07:11.4403|INFO|MupadoodleAPI.Models.NLogger| GET http://localhost:4463/api/museums?key=1234-abcd System.Web.Http.Action ApiControllerActionInvoker InvokeActionAsync Action='GetAllMuseums()'
2012-07-27 10:07:11.4503|INFO|MupadoodleAPI.Models.NLogger| GET http://localhost:4463/api/museums?key=1234-abcd System.Web.Http.Action ReflectedHttpActionDescriptor ExecuteAsync Invoking action 'GetAllMuseums()'
2012-07-27 10:07:11.6973|INFO|MupadoodleAPI.Models.NLogger| GET http://localhost:4463/api/museums?key=1234-abcd System.Web.Http.Action ReflectedHttpActionDescriptor ExecuteAsync Action returned 'System.Collections.Generic.List`1[MupadoodleAPI.Models.Museum]'
2012-07-27 10:07:11.7723|INFO|MupadoodleAPI.Models.NLogger| GET http://localhost:4463/api/museums?key=1234-abcd System.Net.Http.Formatting DefaultContentNegotiator Negotiate Type='IEnumerable`1', formatters=[JsonMediaTypeFormatterTracer, FormUrlEncodedMediaTypeFormatterTracer, FormUrlEncodedMediaTypeFormatterTracer]
2012-07-27 10:07:11.8363|INFO|MupadoodleAPI.Models.NLogger| GET http://localhost:4463/api/museums?key=1234-abcd System.Net.Http.Formatting JsonMediaTypeFormatter GetPerRequestFormatterInstance Obtaining formatter of type 'JsonMediaTypeFormatter' for type='IEnumerable`1', mediaType='application/json; charset=utf-8'
2012-07-27 10:07:11.8403|INFO|MupadoodleAPI.Models.NLogger| GET http://localhost:4463/api/museums?key=1234-abcd System.Net.Http.Formatting JsonMediaTypeFormatter GetPerRequestFormatterInstance Will use same 'JsonMediaTypeFormatter' formatter
2012-07-27 10:07:11.8403|INFO|MupadoodleAPI.Models.NLogger| GET http://localhost:4463/api/museums?key=1234-abcd System.Net.Http.Formatting DefaultContentNegotiator Negotiate Selected formatter='JsonMediaTypeFormatter', content-type='application/json; charset=utf-8'
2012-07-27 10:07:11.8873|INFO|MupadoodleAPI.Models.NLogger| GET http://localhost:4463/api/museums?key=1234-abcd System.Web.Http.Action ApiControllerActionInvoker InvokeActionAsync
2012-07-27 10:07:11.9543|INFO|MupadoodleAPI.Models.NLogger| GET http://localhost:4463/api/museums?key=1234-abcd System.Web.Http.Controllers MuseumsController ExecuteAsync
2012-07-27 10:07:11.9543|INFO|MupadoodleAPI.Models.NLogger| GET http://localhost:4463/api/museums?key=1234-abcd System.Web.Http.MessageHandlers ApiKeyHandler SendAsync
2012-07-27 10:07:11.9633|INFO|MupadoodleAPI.Models.NLogger| GET http://localhost:4463/api/museums?key=1234-abcd System.Web.Http.Request Content-type='application/json; charset=utf-8', content-length=unknown
2012-07-27 10:07:11.9923|INFO|MupadoodleAPI.Models.NLogger| GET http://localhost:4463/api/museums?key=1234-abcd System.Net.Http.Formatting JsonMediaTypeFormatter WriteToStreamAsync Value='System.Collections.Generic.List`1[MupadoodleAPI.Models.Museum]', type='IEnumerable`1', content-type='application/json; charset=utf-8'
2012-07-27 10:07:12.5213|INFO|MupadoodleAPI.Models.NLogger| GET http://localhost:4463/api/museums?key=1234-abcd System.Net.Http.Formatting JsonMediaTypeFormatter WriteToStreamAsync
2012-07-27 10:07:12.5273|INFO|MupadoodleAPI.Models.NLogger| GET http://localhost:4463/api/museums?key=1234-abcd System.Web.Http.Controllers MuseumsController Dispose
2012-07-27 10:07:12.5273|INFO|MupadoodleAPI.Models.NLogger| GET http://localhost:4463/api/museums?key=1234-abcd System.Web.Http.Controllers MuseumsController Dispose
2012-07-27 11:11:02.8004|INFO|MupadoodleAPI.Models.NLogger| GET http://localhost:4463/api/museums?key=1234-abcd System.Web.Http.Request http://localhost:4463/api/museums?key=1234-abcd
2012-07-27 11:11:02.9904|INFO|MupadoodleAPI.Models.NLogger| GET http://localhost:4463/api/museums?key=1234-abcd System.Web.Http.MessageHandlers ApiKeyHandler SendAsync
2012-07-27 11:11:03.0744|INFO|MupadoodleAPI.Models.NLogger| GET http://localhost:4463/api/museums?key=1234-abcd System.Web.Http.Controllers DefaultHttpControllerSelector SelectController Route='controller:museums'
2012-07-27 11:11:03.2584|INFO|MupadoodleAPI.Models.NLogger| GET http://localhost:4463/api/museums?key=1234-abcd System.Web.Http.Controllers DefaultHttpControllerSelector SelectController Museums
2012-07-27 11:11:03.2584|INFO|MupadoodleAPI.Models.NLogger| GET http://localhost:4463/api/museums?key=1234-abcd System.Web.Http.Controllers HttpControllerDescriptor CreateController
2012-07-27 11:11:03.2584|INFO|MupadoodleAPI.Models.NLogger| GET http://localhost:4463/api/museums?key=1234-abcd System.Web.Http.Controllers DefaultHttpControllerActivator Create
2012-07-27 11:11:03.3054|INFO|MupadoodleAPI.Models.NLogger| GET http://localhost:4463/api/museums?key=1234-abcd System.Web.Http.Controllers DefaultHttpControllerActivator Create MupadoodleAPI.Controllers.MuseumsController
2012-07-27 11:11:03.3054|INFO|MupadoodleAPI.Models.NLogger| GET http://localhost:4463/api/museums?key=1234-abcd System.Web.Http.Controllers HttpControllerDescriptor CreateController MupadoodleAPI.Controllers.MuseumsController
2012-07-27 11:11:03.3964|INFO|MupadoodleAPI.Models.NLogger| GET http://localhost:4463/api/museums?key=1234-abcd System.Web.Http.Controllers MuseumsController ExecuteAsync
2012-07-27 11:11:03.4114|INFO|MupadoodleAPI.Models.NLogger| GET http://localhost:4463/api/museums?key=1234-abcd System.Web.Http.Action ApiControllerActionSelector SelectAction
2012-07-27 11:11:03.5695|INFO|MupadoodleAPI.Models.NLogger| GET http://localhost:4463/api/museums?key=1234-abcd System.Web.Http.Action ApiControllerActionSelector SelectAction Selected action 'GetAllMuseums()'
2012-07-27 11:11:03.6315|INFO|MupadoodleAPI.Models.NLogger| GET http://localhost:4463/api/museums?key=1234-abcd System.Web.Http.ModelBinding HttpActionBinding ExecuteBindingAsync
2012-07-27 11:11:03.6535|INFO|MupadoodleAPI.Models.NLogger| GET http://localhost:4463/api/museums?key=1234-abcd System.Web.Http.ModelBinding HttpActionBinding ExecuteBindingAsync
2012-07-27 11:11:03.7015|INFO|MupadoodleAPI.Models.NLogger| GET http://localhost:4463/api/museums?key=1234-abcd System.Web.Http.Action ApiControllerActionInvoker InvokeActionAsync Action='GetAllMuseums()'
2012-07-27 11:11:03.7105|INFO|MupadoodleAPI.Models.NLogger| GET http://localhost:4463/api/museums?key=1234-abcd System.Web.Http.Action ReflectedHttpActionDescriptor ExecuteAsync Invoking action 'GetAllMuseums()'
2012-07-27 11:11:03.9365|INFO|MupadoodleAPI.Models.NLogger| GET http://localhost:4463/api/museums?key=1234-abcd System.Web.Http.Action ReflectedHttpActionDescriptor ExecuteAsync Action returned 'System.Collections.Generic.List`1[MupadoodleAPI.Models.Museum]'
2012-07-27 11:11:04.0135|INFO|MupadoodleAPI.Models.NLogger| GET http://localhost:4463/api/museums?key=1234-abcd System.Net.Http.Formatting DefaultContentNegotiator Negotiate Type='IEnumerable`1', formatters=[JsonMediaTypeFormatterTracer, FormUrlEncodedMediaTypeFormatterTracer, FormUrlEncodedMediaTypeFormatterTracer]
2012-07-27 11:11:04.0865|INFO|MupadoodleAPI.Models.NLogger| GET http://localhost:4463/api/museums?key=1234-abcd System.Net.Http.Formatting JsonMediaTypeFormatter GetPerRequestFormatterInstance Obtaining formatter of type 'JsonMediaTypeFormatter' for type='IEnumerable`1', mediaType='application/json; charset=utf-8'
2012-07-27 11:11:04.0865|INFO|MupadoodleAPI.Models.NLogger| GET http://localhost:4463/api/museums?key=1234-abcd System.Net.Http.Formatting JsonMediaTypeFormatter GetPerRequestFormatterInstance Will use same 'JsonMediaTypeFormatter' formatter
2012-07-27 11:11:04.0985|INFO|MupadoodleAPI.Models.NLogger| GET http://localhost:4463/api/museums?key=1234-abcd System.Net.Http.Formatting DefaultContentNegotiator Negotiate Selected formatter='JsonMediaTypeFormatter', content-type='application/json; charset=utf-8'
2012-07-27 11:11:04.1255|INFO|MupadoodleAPI.Models.NLogger| GET http://localhost:4463/api/museums?key=1234-abcd System.Web.Http.Action ApiControllerActionInvoker InvokeActionAsync
2012-07-27 11:11:04.2025|INFO|MupadoodleAPI.Models.NLogger| GET http://localhost:4463/api/museums?key=1234-abcd System.Web.Http.Controllers MuseumsController ExecuteAsync
2012-07-27 11:11:04.2025|INFO|MupadoodleAPI.Models.NLogger| GET http://localhost:4463/api/museums?key=1234-abcd System.Web.Http.MessageHandlers ApiKeyHandler SendAsync
2012-07-27 11:11:04.2065|INFO|MupadoodleAPI.Models.NLogger| GET http://localhost:4463/api/museums?key=1234-abcd System.Web.Http.Request Content-type='application/json; charset=utf-8', content-length=unknown
2012-07-27 11:11:04.3005|INFO|MupadoodleAPI.Models.NLogger| GET http://localhost:4463/api/museums?key=1234-abcd System.Net.Http.Formatting JsonMediaTypeFormatter WriteToStreamAsync Value='System.Collections.Generic.List`1[MupadoodleAPI.Models.Museum]', type='IEnumerable`1', content-type='application/json; charset=utf-8'
2012-07-27 11:11:04.5215|INFO|MupadoodleAPI.Models.NLogger| GET http://localhost:4463/api/museums?key=1234-abcd System.Net.Http.Formatting JsonMediaTypeFormatter WriteToStreamAsync
2012-07-27 11:11:04.7595|INFO|MupadoodleAPI.Models.NLogger| GET http://localhost:4463/api/museums?key=1234-abcd System.Web.Http.Controllers MuseumsController Dispose
2012-07-27 11:11:04.7595|INFO|MupadoodleAPI.Models.NLogger| GET http://localhost:4463/api/museums?key=1234-abcd System.Web.Http.Controllers MuseumsController Dispose
2012-07-27 12:44:17.4900|INFO|MupadoodleAPI.Models.NLogger| GET http://localhost:4463/api/museums/?museumName=history&key=1234-abcd System.Web.Http.Request http://localhost:4463/api/museums/?museumName=history&key=1234-abcd
2012-07-27 12:44:17.6080|INFO|MupadoodleAPI.Models.NLogger| GET http://localhost:4463/api/museums/?museumName=history&key=1234-abcd System.Web.Http.MessageHandlers ApiKeyHandler SendAsync
2012-07-27 12:44:17.8820|INFO|MupadoodleAPI.Models.NLogger| GET http://localhost:4463/api/museums/?museumName=history&key=1234-abcd System.Web.Http.Controllers DefaultHttpControllerSelector SelectController Route='controller:museums'
2012-07-27 12:44:18.3651|INFO|MupadoodleAPI.Models.NLogger| GET http://localhost:4463/api/museums/?museumName=history&key=1234-abcd System.Web.Http.Controllers DefaultHttpControllerSelector SelectController Museums
2012-07-27 12:44:18.3701|INFO|MupadoodleAPI.Models.NLogger| GET http://localhost:4463/api/museums/?museumName=history&key=1234-abcd System.Web.Http.Controllers HttpControllerDescriptor CreateController
2012-07-27 12:44:18.3701|INFO|MupadoodleAPI.Models.NLogger| GET http://localhost:4463/api/museums/?museumName=history&key=1234-abcd System.Web.Http.Controllers DefaultHttpControllerActivator Create
2012-07-27 12:44:18.4211|INFO|MupadoodleAPI.Models.NLogger| GET http://localhost:4463/api/museums/?museumName=history&key=1234-abcd System.Web.Http.Controllers DefaultHttpControllerActivator Create MupadoodleAPI.Controllers.MuseumsController
2012-07-27 12:44:18.4211|INFO|MupadoodleAPI.Models.NLogger| GET http://localhost:4463/api/museums/?museumName=history&key=1234-abcd System.Web.Http.Controllers HttpControllerDescriptor CreateController MupadoodleAPI.Controllers.MuseumsController
2012-07-27 12:44:18.4321|INFO|MupadoodleAPI.Models.NLogger| GET http://localhost:4463/api/museums/?museumName=history&key=1234-abcd System.Web.Http.Controllers MuseumsController ExecuteAsync
2012-07-27 12:44:18.4321|INFO|MupadoodleAPI.Models.NLogger| GET http://localhost:4463/api/museums/?museumName=history&key=1234-abcd System.Web.Http.Action ApiControllerActionSelector SelectAction
2012-07-27 12:44:18.7911|INFO|MupadoodleAPI.Models.NLogger| GET http://localhost:4463/api/museums/?museumName=history&key=1234-abcd System.Web.Http.Action ApiControllerActionSelector SelectAction Selected action 'GetMuseumsWithName(String museumName)'
2012-07-27 12:44:18.8491|INFO|MupadoodleAPI.Models.NLogger| GET http://localhost:4463/api/museums/?museumName=history&key=1234-abcd System.Web.Http.ModelBinding HttpActionBinding ExecuteBindingAsync
2012-07-27 12:44:18.9041|INFO|MupadoodleAPI.Models.NLogger| GET http://localhost:4463/api/museums/?museumName=history&key=1234-abcd System.Web.Http.ModelBinding ModelBinderParameterBinding ExecuteBindingAsync Binding parameter 'museumName'
2012-07-27 12:44:19.1531|INFO|MupadoodleAPI.Models.NLogger| GET http://localhost:4463/api/museums/?museumName=history&key=1234-abcd System.Web.Http.ModelBinding ModelBinderParameterBinding ExecuteBindingAsync Parameter 'museumName' bound to the value 'history'
2012-07-27 12:44:19.3181|INFO|MupadoodleAPI.Models.NLogger| GET http://localhost:4463/api/museums/?museumName=history&key=1234-abcd System.Web.Http.ModelBinding HttpActionBinding ExecuteBindingAsync Model state is valid. Values: museumName=history
2012-07-27 12:44:19.5491|INFO|MupadoodleAPI.Models.NLogger| GET http://localhost:4463/api/museums/?museumName=history&key=1234-abcd System.Web.Http.Action ApiControllerActionInvoker InvokeActionAsync Action='GetMuseumsWithName(museumName=history)'
2012-07-27 12:44:19.5591|INFO|MupadoodleAPI.Models.NLogger| GET http://localhost:4463/api/museums/?museumName=history&key=1234-abcd System.Web.Http.Action ReflectedHttpActionDescriptor ExecuteAsync Invoking action 'GetMuseumsWithName(museumName=history)'
2012-07-27 12:44:19.8752|INFO|MupadoodleAPI.Models.NLogger| GET http://localhost:4463/api/museums/?museumName=history&key=1234-abcd System.Web.Http.Action ReflectedHttpActionDescriptor ExecuteAsync Action returned 'System.Linq.Enumerable+WhereListIterator`1[MupadoodleAPI.Models.Museum]'
2012-07-27 12:44:19.8932|INFO|MupadoodleAPI.Models.NLogger| GET http://localhost:4463/api/museums/?museumName=history&key=1234-abcd System.Net.Http.Formatting DefaultContentNegotiator Negotiate Type='IEnumerable`1', formatters=[JsonMediaTypeFormatterTracer, FormUrlEncodedMediaTypeFormatterTracer, FormUrlEncodedMediaTypeFormatterTracer]
2012-07-27 12:44:19.9522|INFO|MupadoodleAPI.Models.NLogger| GET http://localhost:4463/api/museums/?museumName=history&key=1234-abcd System.Net.Http.Formatting JsonMediaTypeFormatter GetPerRequestFormatterInstance Obtaining formatter of type 'JsonMediaTypeFormatter' for type='IEnumerable`1', mediaType='application/json; charset=utf-8'
2012-07-27 12:44:19.9522|INFO|MupadoodleAPI.Models.NLogger| GET http://localhost:4463/api/museums/?museumName=history&key=1234-abcd System.Net.Http.Formatting JsonMediaTypeFormatter GetPerRequestFormatterInstance Will use same 'JsonMediaTypeFormatter' formatter
2012-07-27 12:44:19.9522|INFO|MupadoodleAPI.Models.NLogger| GET http://localhost:4463/api/museums/?museumName=history&key=1234-abcd System.Net.Http.Formatting DefaultContentNegotiator Negotiate Selected formatter='JsonMediaTypeFormatter', content-type='application/json; charset=utf-8'
2012-07-27 12:44:20.0492|INFO|MupadoodleAPI.Models.NLogger| GET http://localhost:4463/api/museums/?museumName=history&key=1234-abcd System.Web.Http.Action ApiControllerActionInvoker InvokeActionAsync
2012-07-27 12:44:20.0722|INFO|MupadoodleAPI.Models.NLogger| GET http://localhost:4463/api/museums/?museumName=history&key=1234-abcd System.Web.Http.Controllers MuseumsController ExecuteAsync
2012-07-27 12:44:20.0722|INFO|MupadoodleAPI.Models.NLogger| GET http://localhost:4463/api/museums/?museumName=history&key=1234-abcd System.Web.Http.MessageHandlers ApiKeyHandler SendAsync
2012-07-27 12:44:20.2592|INFO|MupadoodleAPI.Models.NLogger| GET http://localhost:4463/api/museums/?museumName=history&key=1234-abcd System.Web.Http.Request Content-type='application/json; charset=utf-8', content-length=unknown
2012-07-27 12:44:20.3132|INFO|MupadoodleAPI.Models.NLogger| GET http://localhost:4463/api/museums/?museumName=history&key=1234-abcd System.Net.Http.Formatting JsonMediaTypeFormatter WriteToStreamAsync Value='System.Linq.Enumerable+WhereListIterator`1[MupadoodleAPI.Models.Museum]', type='IEnumerable`1', content-type='application/json; charset=utf-8'
2012-07-27 12:44:20.4912|INFO|MupadoodleAPI.Models.NLogger| GET http://localhost:4463/api/museums/?museumName=history&key=1234-abcd System.Net.Http.Formatting JsonMediaTypeFormatter WriteToStreamAsync
2012-07-27 12:44:20.6812|INFO|MupadoodleAPI.Models.NLogger| GET http://localhost:4463/api/museums/?museumName=history&key=1234-abcd System.Web.Http.Controllers MuseumsController Dispose
2012-07-27 12:44:20.6812|INFO|MupadoodleAPI.Models.NLogger| GET http://localhost:4463/api/museums/?museumName=history&key=1234-abcd System.Web.Http.Controllers MuseumsController Dispose
